#
# There is insufficient memory for the Java Runtime Environment to continue.
# Native memory allocation (malloc) failed to allocate 1521136 bytes for Chunk::new
# Possible reasons:
#   The system is out of physical RAM or swap space
#   The process is running with CompressedOops enabled, and the Java Heap may be blocking the growth of the native heap
# Possible solutions:
#   Reduce memory load on the system
#   Increase physical memory or swap space
#   Check if swap backing store is full
#   Decrease Java heap size (-Xmx/-Xms)
#   Decrease number of Java threads
#   Decrease Java thread stack sizes (-Xss)
#   Set larger code cache with -XX:ReservedCodeCacheSize=
#   JVM is running with Unscaled Compressed Oops mode in which the Java heap is
#     placed in the first 4GB address space. The Java Heap base address is the
#     maximum limit for the native heap growth. Please use -XX:HeapBaseMinAddress
#     to set the Java Heap base and to place the Java Heap above 4GB virtual address.
# This output file may be truncated or incomplete.
#
#  Out of Memory Error (./src/hotspot/share/memory/arena.cpp:197), pid=22216, tid=17312
#
# JRE version: OpenJDK Runtime Environment (11.0.10) (build 11.0.10+0-b96-7249189)
# Java VM: OpenJDK 64-Bit Server VM (11.0.10+0-b96-7249189, mixed mode, tiered, compressed oops, g1 gc, windows-amd64)
# No core dump will be written. Minidumps are not enabled by default on client versions of Windows
#

---------------  S U M M A R Y ------------

Command Line: --add-opens=java.base/java.util=ALL-UNNAMED --add-opens=java.base/java.lang=ALL-UNNAMED --add-opens=java.base/java.lang.invoke=ALL-UNNAMED --add-opens=java.base/java.util=ALL-UNNAMED --add-opens=java.prefs/java.util.prefs=ALL-UNNAMED --add-opens=java.prefs/java.util.prefs=ALL-UNNAMED --add-opens=java.base/java.nio.charset=ALL-UNNAMED --add-opens=java.base/java.net=ALL-UNNAMED --add-opens=java.base/java.util.concurrent.atomic=ALL-UNNAMED -Xmx2048m -Dfile.encoding=UTF-8 -Duser.country=AU -Duser.language=en -Duser.variant org.gradle.launcher.daemon.bootstrap.GradleDaemon 7.0.2

Host: 11th Gen Intel(R) Core(TM) i7-11700K @ 3.60GHz, 16 cores, 15G,  Windows 10 , 64 bit Build 19041 (10.0.19041.1202)
Time: Fri Oct 29 12:48:36 2021 India Standard Time elapsed time: 2758.268869 seconds (0d 0h 45m 58s)

---------------  T H R E A D  ---------------

Current thread (0x0000024c34af5000):  JavaThread "C2 CompilerThread0" daemon [_thread_in_native, id=17312, stack(0x000000a4c7700000,0x000000a4c7800000)]


Current CompileTask:
C2:2758268 27359 %     4       org.gradle.internal.normalization.java.impl.ApiMemberWriter::writeClass @ 47 (230 bytes)

Stack: [0x000000a4c7700000,0x000000a4c7800000]
Native frames: (J=compiled Java code, j=interpreted, Vv=VM code, C=native code)
V  [jvm.dll+0x5ecfaa]
V  [jvm.dll+0x722bd5]
V  [jvm.dll+0x72412d]
V  [jvm.dll+0x7247e3]
V  [jvm.dll+0x242928]
V  [jvm.dll+0xbc4fc]
V  [jvm.dll+0xbca0c]
V  [jvm.dll+0x352d7d]
V  [jvm.dll+0x19800c]
V  [jvm.dll+0x1fb70e]
V  [jvm.dll+0x1fa7f4]
V  [jvm.dll+0x18354c]
V  [jvm.dll+0x208ee7]
V  [jvm.dll+0x207731]
V  [jvm.dll+0x6eb1cf]
V  [jvm.dll+0x6e3d45]
V  [jvm.dll+0x5ebe96]
C  [ucrtbase.dll+0x21bb2]
C  [KERNEL32.DLL+0x17034]
C  [ntdll.dll+0x52651]


---------------  P R O C E S S  ---------------

Threads class SMR info:
_java_thread_list=0x0000024c3f0858a0, length=108, elements={
0x0000024c192ec800, 0x0000024c34a89800, 0x0000024c34a92800, 0x0000024c34ae5000,
0x0000024c34ae8000, 0x0000024c34aea000, 0x0000024c34af5000, 0x0000024c34b19800,
0x0000024c34b1b800, 0x0000024c34c82800, 0x0000024c378de800, 0x0000024c36c55800,
0x0000024c370ac800, 0x0000024c37874000, 0x0000024c3786f000, 0x0000024c37871800,
0x0000024c37870800, 0x0000024c37874800, 0x0000024c3ae5e800, 0x0000024c3ae61000,
0x0000024c3ae5b800, 0x0000024c3ae62800, 0x0000024c3ae63800, 0x0000024c38975000,
0x0000024c3896f000, 0x0000024c3897a800, 0x0000024c38979000, 0x0000024c38979800,
0x0000024c38977800, 0x0000024c3897b800, 0x0000024c38975800, 0x0000024c38976800,
0x0000024c3897c000, 0x0000024c3897d000, 0x0000024c38978000, 0x0000024c38489800,
0x0000024c3848b000, 0x0000024c375b7000, 0x0000024c375bf800, 0x0000024c375c0000,
0x0000024c375ba800, 0x0000024c375c2000, 0x0000024c35dc6000, 0x0000024c375bb800,
0x0000024c375bc000, 0x0000024c375b8000, 0x0000024c3ae67800, 0x0000024c3ae69000,
0x0000024c3ae6a000, 0x0000024c38488800, 0x0000024c35dc8800, 0x0000024c3d51b800,
0x0000024c3d51d000, 0x0000024c3d51c800, 0x0000024c3d51e000, 0x0000024c3d51f000,
0x0000024c3d51f800, 0x0000024c3d520800, 0x0000024c35dc9800, 0x0000024c35dc3800,
0x0000024c35dca000, 0x0000024c35dc7000, 0x0000024c35dc4800, 0x0000024c35dcb000,
0x0000024c35dc5000, 0x0000024c35dcb800, 0x0000024c35dcd800, 0x0000024c35dc7800,
0x0000024c35dce000, 0x0000024c35dcf000, 0x0000024c35dd0000, 0x0000024c35dd1800,
0x0000024c35dd0800, 0x0000024c35dd2800, 0x0000024c3848e800, 0x0000024c3848f000,
0x0000024c3848c000, 0x0000024c3848a800, 0x0000024c38496800, 0x0000024c38491000,
0x0000024c38494000, 0x0000024c38495800, 0x0000024c38495000, 0x0000024c38497800,
0x0000024c38491800, 0x0000024c38492800, 0x0000024c38493800, 0x0000024c3ae5d800,
0x0000024c3ae5f800, 0x0000024c3ae60000, 0x0000024c3ae5c000, 0x0000024c3ae68800,
0x0000024c3ae66800, 0x0000024c3ae64800, 0x0000024c3ae65000, 0x0000024c3ae66000,
0x0000024c375bd800, 0x0000024c375be800, 0x0000024c375b9000, 0x0000024c375c5000,
0x0000024c375c4800, 0x0000024c375c1000, 0x0000024c375c2800, 0x0000024c375c3800,
0x0000024c38973000, 0x0000024c38971800, 0x0000024c38972800, 0x0000024c38974000
}

Java Threads: ( => current thread )
  0x0000024c192ec800 JavaThread "main" [_thread_blocked, id=20572, stack(0x000000a4c6b00000,0x000000a4c6c00000)]
  0x0000024c34a89800 JavaThread "Reference Handler" daemon [_thread_blocked, id=2180, stack(0x000000a4c7200000,0x000000a4c7300000)]
  0x0000024c34a92800 JavaThread "Finalizer" daemon [_thread_blocked, id=22876, stack(0x000000a4c7300000,0x000000a4c7400000)]
  0x0000024c34ae5000 JavaThread "Signal Dispatcher" daemon [_thread_blocked, id=14924, stack(0x000000a4c7400000,0x000000a4c7500000)]
  0x0000024c34ae8000 JavaThread "Attach Listener" daemon [_thread_blocked, id=15516, stack(0x000000a4c7500000,0x000000a4c7600000)]
  0x0000024c34aea000 JavaThread "Service Thread" daemon [_thread_blocked, id=21512, stack(0x000000a4c7600000,0x000000a4c7700000)]
=>0x0000024c34af5000 JavaThread "C2 CompilerThread0" daemon [_thread_in_native, id=17312, stack(0x000000a4c7700000,0x000000a4c7800000)]
  0x0000024c34b19800 JavaThread "C1 CompilerThread0" daemon [_thread_in_native, id=18664, stack(0x000000a4c7800000,0x000000a4c7900000)]
  0x0000024c34b1b800 JavaThread "Sweeper thread" daemon [_thread_blocked, id=15884, stack(0x000000a4c7900000,0x000000a4c7a00000)]
  0x0000024c34c82800 JavaThread "Common-Cleaner" daemon [_thread_blocked, id=10044, stack(0x000000a4c7b00000,0x000000a4c7c00000)]
  0x0000024c378de800 JavaThread "Daemon health stats" [_thread_blocked, id=24516, stack(0x000000a4c8600000,0x000000a4c8700000)]
  0x0000024c36c55800 JavaThread "Incoming local TCP Connector on port 54479" [_thread_in_native, id=26196, stack(0x000000a4c7d00000,0x000000a4c7e00000)]
  0x0000024c370ac800 JavaThread "Daemon periodic checks" [_thread_blocked, id=13224, stack(0x000000a4c7e00000,0x000000a4c7f00000)]
  0x0000024c37874000 JavaThread "Cache worker for file hash cache (C:\Users\PC\.gradle\caches\7.0.2\fileHashes)" [_thread_blocked, id=4124, stack(0x000000a4c8e00000,0x000000a4c8f00000)]
  0x0000024c3786f000 JavaThread "File lock request listener" [_thread_in_native, id=19760, stack(0x000000a4c8f00000,0x000000a4c9000000)]
  0x0000024c37871800 JavaThread "Cache worker for journal cache (C:\Users\PC\.gradle\caches\journal-1)" [_thread_blocked, id=25920, stack(0x000000a4c9900000,0x000000a4c9a00000)]
  0x0000024c37870800 JavaThread "File watcher server" daemon [_thread_in_native, id=26012, stack(0x000000a4c9c00000,0x000000a4c9d00000)]
  0x0000024c37874800 JavaThread "File watcher consumer" daemon [_thread_blocked, id=3480, stack(0x000000a4c9d00000,0x000000a4c9e00000)]
  0x0000024c3ae5e800 JavaThread "Cache worker for execution history cache (C:\Users\PC\.gradle\caches\7.0.2\executionHistory)" [_thread_blocked, id=16372, stack(0x000000a4ca200000,0x000000a4ca300000)]
  0x0000024c3ae61000 JavaThread "jar transforms" [_thread_blocked, id=22044, stack(0x000000a4ca500000,0x000000a4ca600000)]
  0x0000024c3ae5b800 JavaThread "jar transforms Thread 2" [_thread_blocked, id=2060, stack(0x000000a4ca600000,0x000000a4ca700000)]
  0x0000024c3ae62800 JavaThread "Cache worker for file content cache (C:\Users\PC\.gradle\caches\7.0.2\fileContent)" [_thread_blocked, id=16284, stack(0x000000a4ca700000,0x000000a4ca800000)]
  0x0000024c3ae63800 JavaThread "jar transforms Thread 3" [_thread_blocked, id=28216, stack(0x000000a4ca900000,0x000000a4caa00000)]
  0x0000024c38975000 JavaThread "jar transforms Thread 4" [_thread_blocked, id=15100, stack(0x000000a4cbb00000,0x000000a4cbc00000)]
  0x0000024c3896f000 JavaThread "jar transforms Thread 5" [_thread_blocked, id=22740, stack(0x000000a4cbc00000,0x000000a4cbd00000)]
  0x0000024c3897a800 JavaThread "jar transforms Thread 6" [_thread_blocked, id=14040, stack(0x000000a4cbd00000,0x000000a4cbe00000)]
  0x0000024c38979000 JavaThread "jar transforms Thread 7" [_thread_blocked, id=22872, stack(0x000000a4cbe00000,0x000000a4cbf00000)]
  0x0000024c38979800 JavaThread "jar transforms Thread 8" [_thread_blocked, id=16128, stack(0x000000a4cbf00000,0x000000a4cc000000)]
  0x0000024c38977800 JavaThread "jar transforms Thread 9" [_thread_blocked, id=17768, stack(0x000000a4cc000000,0x000000a4cc100000)]
  0x0000024c3897b800 JavaThread "jar transforms Thread 10" [_thread_blocked, id=12940, stack(0x000000a4cc100000,0x000000a4cc200000)]
  0x0000024c38975800 JavaThread "jar transforms Thread 11" [_thread_blocked, id=4716, stack(0x000000a4cc200000,0x000000a4cc300000)]
  0x0000024c38976800 JavaThread "jar transforms Thread 12" [_thread_blocked, id=14172, stack(0x000000a4cc300000,0x000000a4cc400000)]
  0x0000024c3897c000 JavaThread "jar transforms Thread 13" [_thread_blocked, id=14992, stack(0x000000a4cc400000,0x000000a4cc500000)]
  0x0000024c3897d000 JavaThread "jar transforms Thread 14" [_thread_blocked, id=25492, stack(0x000000a4cc500000,0x000000a4cc600000)]
  0x0000024c38978000 JavaThread "jar transforms Thread 15" [_thread_blocked, id=12304, stack(0x000000a4cc600000,0x000000a4cc700000)]
  0x0000024c38489800 JavaThread "jar transforms Thread 16" [_thread_blocked, id=8848, stack(0x000000a4cc700000,0x000000a4cc800000)]
  0x0000024c3848b000 JavaThread "Memory manager" [_thread_blocked, id=24668, stack(0x000000a4ca400000,0x000000a4ca500000)]
  0x0000024c375b7000 JavaThread "RMI Scheduler(0)" daemon [_thread_blocked, id=11500, stack(0x000000a4c8400000,0x000000a4c8500000)]
  0x0000024c375bf800 JavaThread "RMI GC Daemon" daemon [_thread_blocked, id=9132, stack(0x000000a4ca300000,0x000000a4ca400000)]
  0x0000024c375c0000 JavaThread "RMI TCP Accept-0" daemon [_thread_in_native, id=26656, stack(0x000000a4cdf00000,0x000000a4ce000000)]
  0x0000024c375ba800 JavaThread "RMI Reaper" [_thread_blocked, id=10884, stack(0x000000a4ce500000,0x000000a4ce600000)]
  0x0000024c375c2000 JavaThread "Cache worker for Java compile cache (C:\Users\PC\.gradle\caches\7.0.2\javaCompile)" [_thread_blocked, id=20772, stack(0x000000a4c9e00000,0x000000a4c9f00000)]
  0x0000024c35dc6000 JavaThread "ForkJoinPool.commonPool-worker-13" daemon [_thread_blocked, id=19744, stack(0x000000a4cfd00000,0x000000a4cfe00000)]
  0x0000024c375bb800 JavaThread "RMI TCP Connection(15)-127.0.0.1" daemon [_thread_in_native, id=13564, stack(0x000000a4c6800000,0x000000a4c6900000)]
  0x0000024c375bc000 JavaThread "Daemon Thread 4" [_thread_blocked, id=26548, stack(0x000000a4c6900000,0x000000a4c6a00000)]
  0x0000024c375b8000 JavaThread "Daemon worker Thread 4" [_thread_blocked, id=9532, stack(0x000000a4c8500000,0x000000a4c8600000)]
  0x0000024c3ae67800 JavaThread "ForkJoinPool.commonPool-worker-21" daemon [_thread_blocked, id=27656, stack(0x000000a4ce100000,0x000000a4ce200000)]
  0x0000024c3ae69000 JavaThread "ForkJoinPool.commonPool-worker-7" daemon [_thread_blocked, id=1960, stack(0x000000a4cf300000,0x000000a4cf400000)]
  0x0000024c3ae6a000 JavaThread "ForkJoinPool.commonPool-worker-25" daemon [_thread_blocked, id=18644, stack(0x000000a4cf400000,0x000000a4cf500000)]
  0x0000024c38488800 JavaThread "ForkJoinPool.commonPool-worker-11" daemon [_thread_blocked, id=9688, stack(0x000000a4cf500000,0x000000a4cf600000)]
  0x0000024c35dc8800 JavaThread "ForkJoinPool.commonPool-worker-29" daemon [_thread_blocked, id=7972, stack(0x000000a4cf600000,0x000000a4cf700000)]
  0x0000024c3d51b800 JavaThread "ForkJoinPool.commonPool-worker-15" daemon [_thread_blocked, id=18892, stack(0x000000a4cf700000,0x000000a4cf800000)]
  0x0000024c3d51d000 JavaThread "ForkJoinPool.commonPool-worker-1" daemon [_thread_blocked, id=22648, stack(0x000000a4cf800000,0x000000a4cf900000)]
  0x0000024c3d51c800 JavaThread "ForkJoinPool.commonPool-worker-19" daemon [_thread_blocked, id=24424, stack(0x000000a4cf900000,0x000000a4cfa00000)]
  0x0000024c3d51e000 JavaThread "ForkJoinPool.commonPool-worker-5" daemon [_thread_blocked, id=26776, stack(0x000000a4cfa00000,0x000000a4cfb00000)]
  0x0000024c3d51f000 JavaThread "ForkJoinPool.commonPool-worker-23" daemon [_thread_blocked, id=3580, stack(0x000000a4cfb00000,0x000000a4cfc00000)]
  0x0000024c3d51f800 JavaThread "ForkJoinPool.commonPool-worker-27" daemon [_thread_blocked, id=21376, stack(0x000000a4cfc00000,0x000000a4cfd00000)]
  0x0000024c3d520800 JavaThread "ForkJoinPool.commonPool-worker-9" daemon [_thread_blocked, id=25476, stack(0x000000a4cfe00000,0x000000a4cff00000)]
  0x0000024c35dc9800 JavaThread "Handler for socket connection from /127.0.0.1:54479 to /127.0.0.1:55386" [_thread_in_native, id=23448, stack(0x000000a4c6a00000,0x000000a4c6b00000)]
  0x0000024c35dc3800 JavaThread "Cancel handler" [_thread_blocked, id=25644, stack(0x000000a4c7a00000,0x000000a4c7b00000)]
  0x0000024c35dca000 JavaThread "Asynchronous log dispatcher for DefaultDaemonConnection: socket connection from /127.0.0.1:54479 to /127.0.0.1:55386" [_thread_blocked, id=5904, stack(0x000000a4c8700000,0x000000a4c8800000)]
  0x0000024c35dc7000 JavaThread "Stdin handler" [_thread_blocked, id=27796, stack(0x000000a4c8800000,0x000000a4c8900000)]
  0x0000024c35dc4800 JavaThread "Daemon client event forwarder" [_thread_blocked, id=1656, stack(0x000000a4c8900000,0x000000a4c8a00000)]
  0x0000024c35dcb000 JavaThread "Cache worker for file hash cache (C:\Users\PC\AndroidStudioProjects\FavDish\.gradle\7.0.2\fileHashes)" [_thread_blocked, id=23932, stack(0x000000a4c8a00000,0x000000a4c8b00000)]
  0x0000024c35dc5000 JavaThread "Cache worker for checksums cache (C:\Users\PC\AndroidStudioProjects\FavDish\.gradle\checksums)" [_thread_blocked, id=13492, stack(0x000000a4c8b00000,0x000000a4c8c00000)]
  0x0000024c35dcb800 JavaThread "Cache worker for cache directory md-supplier (C:\Users\PC\.gradle\caches\7.0.2\md-supplier)" [_thread_blocked, id=26816, stack(0x000000a4c8c00000,0x000000a4c8d00000)]
  0x0000024c35dcd800 JavaThread "Cache worker for cache directory md-rule (C:\Users\PC\.gradle\caches\7.0.2\md-rule)" [_thread_blocked, id=13092, stack(0x000000a4c8d00000,0x000000a4c8e00000)]
  0x0000024c35dc7800 JavaThread "Cache worker for dependencies-accessors (C:\Users\PC\AndroidStudioProjects\FavDish\.gradle\7.0.2\dependencies-accessors)" [_thread_blocked, id=23012, stack(0x000000a4c9a00000,0x000000a4c9b00000)]
  0x0000024c35dce000 JavaThread "Cache worker for Build Output Cleanup Cache (C:\Users\PC\AndroidStudioProjects\FavDish\.gradle\buildOutputCleanup)" [_thread_in_Java, id=11924, stack(0x000000a4c9b00000,0x000000a4c9c00000)]
  0x0000024c35dcf000 JavaThread "C2 CompilerThread1" daemon [_thread_in_native, id=2428, stack(0x000000a4c9f00000,0x000000a4ca000000)]
  0x0000024c35dd0000 JavaThread "C2 CompilerThread2" daemon [_thread_in_native, id=15260, stack(0x000000a4ca000000,0x000000a4ca100000)]
  0x0000024c35dd1800 JavaThread "Build operations" [_thread_blocked, id=21312, stack(0x000000a4ca100000,0x000000a4ca200000)]
  0x0000024c35dd0800 JavaThread "Build operations Thread 2" [_thread_blocked, id=732, stack(0x000000a4ca800000,0x000000a4ca900000)]
  0x0000024c35dd2800 JavaThread "Build operations Thread 3" [_thread_in_native, id=22312, stack(0x000000a4caa00000,0x000000a4cab00000)]
  0x0000024c3848e800 JavaThread "Build operations Thread 4" [_thread_blocked, id=21788, stack(0x000000a4cab00000,0x000000a4cac00000)]
  0x0000024c3848f000 JavaThread "Build operations Thread 5" [_thread_in_Java, id=5716, stack(0x000000a4cac00000,0x000000a4cad00000)]
  0x0000024c3848c000 JavaThread "Build operations Thread 6" [_thread_in_Java, id=16028, stack(0x000000a4cad00000,0x000000a4cae00000)]
  0x0000024c3848a800 JavaThread "Build operations Thread 7" [_thread_blocked, id=17504, stack(0x000000a4cae00000,0x000000a4caf00000)]
  0x0000024c38496800 JavaThread "Build operations Thread 8" [_thread_blocked, id=8356, stack(0x000000a4caf00000,0x000000a4cb000000)]
  0x0000024c38491000 JavaThread "Build operations Thread 9" [_thread_in_Java, id=19136, stack(0x000000a4cb000000,0x000000a4cb100000)]
  0x0000024c38494000 JavaThread "Build operations Thread 10" [_thread_blocked, id=14112, stack(0x000000a4cb100000,0x000000a4cb200000)]
  0x0000024c38495800 JavaThread "Build operations Thread 11" [_thread_blocked, id=3376, stack(0x000000a4cb200000,0x000000a4cb300000)]
  0x0000024c38495000 JavaThread "Build operations Thread 12" [_thread_blocked, id=20776, stack(0x000000a4cb300000,0x000000a4cb400000)]
  0x0000024c38497800 JavaThread "Build operations Thread 13" [_thread_in_native, id=1944, stack(0x000000a4cb400000,0x000000a4cb500000)]
  0x0000024c38491800 JavaThread "Build operations Thread 14" [_thread_blocked, id=4760, stack(0x000000a4cb500000,0x000000a4cb600000)]
  0x0000024c38492800 JavaThread "Build operations Thread 15" [_thread_in_Java, id=9664, stack(0x000000a4cb600000,0x000000a4cb700000)]
  0x0000024c38493800 JavaThread "Build operations Thread 16" [_thread_in_Java, id=17000, stack(0x000000a4cb700000,0x000000a4cb800000)]
  0x0000024c3ae5d800 JavaThread "build event listener" [_thread_blocked, id=8156, stack(0x000000a4cb800000,0x000000a4cb900000)]
  0x0000024c3ae5f800 JavaThread "Execution worker for ':'" [_thread_blocked, id=2464, stack(0x000000a4cb900000,0x000000a4cba00000)]
  0x0000024c3ae60000 JavaThread "Execution worker for ':' Thread 2" [_thread_blocked, id=18988, stack(0x000000a4cba00000,0x000000a4cbb00000)]
  0x0000024c3ae5c000 JavaThread "Execution worker for ':' Thread 3" [_thread_blocked, id=23576, stack(0x000000a4cc800000,0x000000a4cc900000)]
  0x0000024c3ae68800 JavaThread "Execution worker for ':' Thread 4" [_thread_blocked, id=21268, stack(0x000000a4cc900000,0x000000a4cca00000)]
  0x0000024c3ae66800 JavaThread "Execution worker for ':' Thread 5" [_thread_blocked, id=21360, stack(0x000000a4cca00000,0x000000a4ccb00000)]
  0x0000024c3ae64800 JavaThread "Execution worker for ':' Thread 6" [_thread_blocked, id=23160, stack(0x000000a4ccb00000,0x000000a4ccc00000)]
  0x0000024c3ae65000 JavaThread "Execution worker for ':' Thread 7" [_thread_blocked, id=25652, stack(0x000000a4ccc00000,0x000000a4ccd00000)]
  0x0000024c3ae66000 JavaThread "Execution worker for ':' Thread 8" [_thread_blocked, id=26932, stack(0x000000a4ccd00000,0x000000a4cce00000)]
  0x0000024c375bd800 JavaThread "Execution worker for ':' Thread 9" [_thread_blocked, id=16856, stack(0x000000a4cce00000,0x000000a4ccf00000)]
  0x0000024c375be800 JavaThread "Execution worker for ':' Thread 10" [_thread_blocked, id=1360, stack(0x000000a4ccf00000,0x000000a4cd000000)]
  0x0000024c375b9000 JavaThread "Execution worker for ':' Thread 11" [_thread_blocked, id=23584, stack(0x000000a4cd000000,0x000000a4cd100000)]
  0x0000024c375c5000 JavaThread "Execution worker for ':' Thread 12" [_thread_blocked, id=20920, stack(0x000000a4cd100000,0x000000a4cd200000)]
  0x0000024c375c4800 JavaThread "Execution worker for ':' Thread 13" [_thread_blocked, id=17208, stack(0x000000a4cd200000,0x000000a4cd300000)]
  0x0000024c375c1000 JavaThread "Execution worker for ':' Thread 14" [_thread_blocked, id=22156, stack(0x000000a4cd300000,0x000000a4cd400000)]
  0x0000024c375c2800 JavaThread "Execution worker for ':' Thread 15" [_thread_blocked, id=17012, stack(0x000000a4cd400000,0x000000a4cd500000)]
  0x0000024c375c3800 JavaThread "Cache worker for execution history cache (C:\Users\PC\AndroidStudioProjects\FavDish\.gradle\7.0.2\executionHistory)" [_thread_blocked, id=27616, stack(0x000000a4cd500000,0x000000a4cd600000)]
  0x0000024c38973000 JavaThread "C1 CompilerThread1" daemon [_thread_in_vm, id=17024, stack(0x000000a4cd600000,0x000000a4cd700000)]
  0x0000024c38971800 JavaThread "WorkerExecutor Queue" [_thread_blocked, id=15304, stack(0x000000a4cd700000,0x000000a4cd800000)]
  0x0000024c38972800 JavaThread "C1 CompilerThread2" daemon [_thread_in_native, id=26160, stack(0x000000a4cd800000,0x000000a4cd900000)]
  0x0000024c38974000 JavaThread "C1 CompilerThread3" daemon [_thread_in_native, id=2492, stack(0x000000a4ce000000,0x000000a4ce100000)]

Other Threads:
  0x0000024c34a85800 VMThread "VM Thread" [stack: 0x000000a4c7100000,0x000000a4c7200000] [id=14520]
  0x0000024c34c99000 WatcherThread [stack: 0x000000a4c7c00000,0x000000a4c7d00000] [id=6940]
  0x0000024c19307000 GCTaskThread "GC Thread#0" [stack: 0x000000a4c6c00000,0x000000a4c6d00000] [id=17544]
  0x0000024c35b95800 GCTaskThread "GC Thread#1" [stack: 0x000000a4c7f00000,0x000000a4c8000000] [id=6632]
  0x0000024c35a05800 GCTaskThread "GC Thread#2" [stack: 0x000000a4c8000000,0x000000a4c8100000] [id=18336]
  0x0000024c355b9000 GCTaskThread "GC Thread#3" [stack: 0x000000a4c8100000,0x000000a4c8200000] [id=3036]
  0x0000024c35a83800 GCTaskThread "GC Thread#4" [stack: 0x000000a4c8200000,0x000000a4c8300000] [id=22028]
  0x0000024c358ac000 GCTaskThread "GC Thread#5" [stack: 0x000000a4c8300000,0x000000a4c8400000] [id=28052]
  0x0000024c3718a800 GCTaskThread "GC Thread#6" [stack: 0x000000a4c9000000,0x000000a4c9100000] [id=15016]
  0x0000024c38285800 GCTaskThread "GC Thread#7" [stack: 0x000000a4c9100000,0x000000a4c9200000] [id=25456]
  0x0000024c3610c800 GCTaskThread "GC Thread#8" [stack: 0x000000a4c9200000,0x000000a4c9300000] [id=18396]
  0x0000024c36a2d000 GCTaskThread "GC Thread#9" [stack: 0x000000a4c9300000,0x000000a4c9400000] [id=25936]
  0x0000024c37e85800 GCTaskThread "GC Thread#10" [stack: 0x000000a4c9400000,0x000000a4c9500000] [id=13344]
  0x0000024c35f5e000 GCTaskThread "GC Thread#11" [stack: 0x000000a4c9500000,0x000000a4c9600000] [id=26396]
  0x0000024c36559000 GCTaskThread "GC Thread#12" [stack: 0x000000a4c9600000,0x000000a4c9700000] [id=21332]
  0x0000024c19337000 ConcurrentGCThread "G1 Main Marker" [stack: 0x000000a4c6d00000,0x000000a4c6e00000] [id=7824]
  0x0000024c19338800 ConcurrentGCThread "G1 Conc#0" [stack: 0x000000a4c6e00000,0x000000a4c6f00000] [id=23940]
  0x0000024c35a9d800 ConcurrentGCThread "G1 Conc#1" [stack: 0x000000a4c9700000,0x000000a4c9800000] [id=16780]
  0x0000024c37af6800 ConcurrentGCThread "G1 Conc#2" [stack: 0x000000a4c9800000,0x000000a4c9900000] [id=14076]
  0x0000024c193ce800 ConcurrentGCThread "G1 Refine#0" [stack: 0x000000a4c6f00000,0x000000a4c7000000] [id=19096]
  0x0000024c40e08000 ConcurrentGCThread "G1 Refine#1" [stack: 0x000000a4cd900000,0x000000a4cda00000] [id=12376]
  0x0000024c411fc800 ConcurrentGCThread "G1 Refine#2" [stack: 0x000000a4cda00000,0x000000a4cdb00000] [id=18008]
  0x0000024c3f013800 ConcurrentGCThread "G1 Refine#3" [stack: 0x000000a4cdb00000,0x000000a4cdc00000] [id=8340]
  0x0000024c42527000 ConcurrentGCThread "G1 Refine#4" [stack: 0x000000a4cdc00000,0x000000a4cdd00000] [id=5860]
  0x0000024c41188800 ConcurrentGCThread "G1 Refine#5" [stack: 0x000000a4cdd00000,0x000000a4cde00000] [id=18496]
  0x0000024c41876800 ConcurrentGCThread "G1 Refine#6" [stack: 0x000000a4cde00000,0x000000a4cdf00000] [id=22500]
  0x0000024c340cf800 ConcurrentGCThread "G1 Young RemSet Sampling" [stack: 0x000000a4c7000000,0x000000a4c7100000] [id=11760]

Threads with active compile tasks:
C2 CompilerThread02758289 27359 %     4       org.gradle.internal.normalization.java.impl.ApiMemberWriter::writeClass @ 47 (230 bytes)
C1 CompilerThread02758289 28422       3       com.android.tools.r8.internal.ja::a (1420 bytes)
C2 CompilerThread12758289 27401 %     4       org.objectweb.asm.ClassReader::readCode @ 2185 (5109 bytes)
C2 CompilerThread22758289 27750       4       com.android.tools.r8.internal.k2::remove (246 bytes)
C1 CompilerThread12758289 28456       2       com.android.tools.r8.internal.qz::e (57 bytes)
C1 CompilerThread22758289 28462   !   2       com.android.tools.r8.internal.Bi::a (509 bytes)
C1 CompilerThread32758289 28457       2       com.android.tools.r8.internal.ja::a (25 bytes)

VM state:not at safepoint (normal execution)

VM Mutex/Monitor currently owned by a thread: None

OutOfMemory and StackOverflow Exception counts:
OutOfMemoryError java_heap_errors=1
LinkageErrors=291

Heap address: 0x0000000080000000, size: 2048 MB, Compressed Oops mode: 32-bit
Narrow klass base: 0x0000000000000000, Narrow klass shift: 3
Compressed class space size: 1073741824 Address: 0x0000000100000000

Heap:
 garbage-first heap   total 260096K, used 181794K [0x0000000080000000, 0x0000000100000000)
  region size 1024K, 23 young (23552K), 7 survivors (7168K)
 Metaspace       used 134641K, capacity 138242K, committed 139776K, reserved 1171456K
  class space    used 16579K, capacity 17895K, committed 18688K, reserved 1048576K
Heap Regions: E=young(eden), S=young(survivor), O=old, HS=humongous(starts), HC=humongous(continues), CS=collection set, F=free, A=archive, TAMS=top-at-mark-start (previous, next)
|   0|0x0000000080000000, 0x0000000080100000, 0x0000000080100000|100%| O|  |TAMS 0x0000000080100000, 0x0000000080100000| Untracked 
|   1|0x0000000080100000, 0x0000000080200000, 0x0000000080200000|100%| O|  |TAMS 0x0000000080200000, 0x0000000080200000| Untracked 
|   2|0x0000000080200000, 0x0000000080300000, 0x0000000080300000|100%| O|  |TAMS 0x0000000080300000, 0x0000000080300000| Untracked 
|   3|0x0000000080300000, 0x0000000080400000, 0x0000000080400000|100%|HS|  |TAMS 0x0000000080400000, 0x0000000080400000| Complete 
|   4|0x0000000080400000, 0x0000000080500000, 0x0000000080500000|100%|HC|  |TAMS 0x0000000080500000, 0x0000000080500000| Complete 
|   5|0x0000000080500000, 0x0000000080600000, 0x0000000080600000|100%|HC|  |TAMS 0x0000000080600000, 0x0000000080600000| Complete 
|   6|0x0000000080600000, 0x0000000080700000, 0x0000000080700000|100%| O|  |TAMS 0x0000000080700000, 0x0000000080700000| Untracked 
|   7|0x0000000080700000, 0x0000000080800000, 0x0000000080800000|100%| O|  |TAMS 0x0000000080800000, 0x0000000080800000| Untracked 
|   8|0x0000000080800000, 0x0000000080900000, 0x0000000080900000|100%| O|  |TAMS 0x0000000080900000, 0x0000000080900000| Untracked 
|   9|0x0000000080900000, 0x0000000080a00000, 0x0000000080a00000|100%| O|  |TAMS 0x0000000080a00000, 0x0000000080a00000| Untracked 
|  10|0x0000000080a00000, 0x0000000080b00000, 0x0000000080b00000|100%| O|  |TAMS 0x0000000080b00000, 0x0000000080b00000| Untracked 
|  11|0x0000000080b00000, 0x0000000080c00000, 0x0000000080c00000|100%| O|  |TAMS 0x0000000080c00000, 0x0000000080c00000| Untracked 
|  12|0x0000000080c00000, 0x0000000080d00000, 0x0000000080d00000|100%| O|  |TAMS 0x0000000080d00000, 0x0000000080d00000| Untracked 
|  13|0x0000000080d00000, 0x0000000080e00000, 0x0000000080e00000|100%| O|  |TAMS 0x0000000080e00000, 0x0000000080e00000| Untracked 
|  14|0x0000000080e00000, 0x0000000080f00000, 0x0000000080f00000|100%| O|  |TAMS 0x0000000080f00000, 0x0000000080f00000| Untracked 
|  15|0x0000000080f00000, 0x0000000081000000, 0x0000000081000000|100%| O|  |TAMS 0x0000000081000000, 0x0000000081000000| Untracked 
|  16|0x0000000081000000, 0x0000000081100000, 0x0000000081100000|100%|HS|  |TAMS 0x0000000081100000, 0x0000000081100000| Complete 
|  17|0x0000000081100000, 0x0000000081200000, 0x0000000081200000|100%|HS|  |TAMS 0x0000000081200000, 0x0000000081200000| Complete 
|  18|0x0000000081200000, 0x0000000081300000, 0x0000000081300000|100%|HS|  |TAMS 0x0000000081300000, 0x0000000081300000| Complete 
|  19|0x0000000081300000, 0x0000000081400000, 0x0000000081400000|100%|HS|  |TAMS 0x0000000081400000, 0x0000000081400000| Complete 
|  20|0x0000000081400000, 0x0000000081500000, 0x0000000081500000|100%|HC|  |TAMS 0x0000000081500000, 0x0000000081500000| Complete 
|  21|0x0000000081500000, 0x0000000081600000, 0x0000000081600000|100%|HC|  |TAMS 0x0000000081600000, 0x0000000081600000| Complete 
|  22|0x0000000081600000, 0x0000000081700000, 0x0000000081700000|100%|HS|  |TAMS 0x0000000081700000, 0x0000000081700000| Complete 
|  23|0x0000000081700000, 0x0000000081800000, 0x0000000081800000|100%|HC|  |TAMS 0x0000000081800000, 0x0000000081800000| Complete 
|  24|0x0000000081800000, 0x0000000081900000, 0x0000000081900000|100%| O|  |TAMS 0x0000000081900000, 0x0000000081900000| Untracked 
|  25|0x0000000081900000, 0x0000000081a00000, 0x0000000081a00000|100%| O|  |TAMS 0x0000000081a00000, 0x0000000081a00000| Untracked 
|  26|0x0000000081a00000, 0x0000000081b00000, 0x0000000081b00000|100%| O|  |TAMS 0x0000000081b00000, 0x0000000081b00000| Untracked 
|  27|0x0000000081b00000, 0x0000000081c00000, 0x0000000081c00000|100%| O|  |TAMS 0x0000000081c00000, 0x0000000081c00000| Untracked 
|  28|0x0000000081c00000, 0x0000000081d00000, 0x0000000081d00000|100%| O|  |TAMS 0x0000000081d00000, 0x0000000081d00000| Untracked 
|  29|0x0000000081d00000, 0x0000000081e00000, 0x0000000081e00000|100%| O|  |TAMS 0x0000000081e00000, 0x0000000081e00000| Untracked 
|  30|0x0000000081e00000, 0x0000000081f00000, 0x0000000081f00000|100%| O|  |TAMS 0x0000000081f00000, 0x0000000081f00000| Untracked 
|  31|0x0000000081f00000, 0x0000000082000000, 0x0000000082000000|100%| O|  |TAMS 0x0000000082000000, 0x0000000082000000| Untracked 
|  32|0x0000000082000000, 0x0000000082100000, 0x0000000082100000|100%| O|  |TAMS 0x0000000082000000, 0x0000000082100000| Untracked 
|  33|0x0000000082100000, 0x0000000082200000, 0x0000000082200000|100%| O|  |TAMS 0x0000000082200000, 0x0000000082200000| Untracked 
|  34|0x0000000082200000, 0x0000000082300000, 0x0000000082300000|100%| O|  |TAMS 0x0000000082300000, 0x0000000082300000| Untracked 
|  35|0x0000000082300000, 0x0000000082400000, 0x0000000082400000|100%| O|  |TAMS 0x0000000082400000, 0x0000000082400000| Untracked 
|  36|0x0000000082400000, 0x0000000082500000, 0x0000000082500000|100%| O|  |TAMS 0x0000000082500000, 0x0000000082500000| Untracked 
|  37|0x0000000082500000, 0x0000000082600000, 0x0000000082600000|100%| O|  |TAMS 0x0000000082600000, 0x0000000082600000| Untracked 
|  38|0x0000000082600000, 0x0000000082700000, 0x0000000082700000|100%| O|  |TAMS 0x0000000082700000, 0x0000000082700000| Untracked 
|  39|0x0000000082700000, 0x0000000082800000, 0x0000000082800000|100%| O|  |TAMS 0x0000000082800000, 0x0000000082800000| Untracked 
|  40|0x0000000082800000, 0x0000000082900000, 0x0000000082900000|100%| O|  |TAMS 0x0000000082900000, 0x0000000082900000| Untracked 
|  41|0x0000000082900000, 0x0000000082a00000, 0x0000000082a00000|100%| O|  |TAMS 0x0000000082a00000, 0x0000000082a00000| Untracked 
|  42|0x0000000082a00000, 0x0000000082b00000, 0x0000000082b00000|100%| O|  |TAMS 0x0000000082b00000, 0x0000000082b00000| Untracked 
|  43|0x0000000082b00000, 0x0000000082c00000, 0x0000000082c00000|100%| O|  |TAMS 0x0000000082c00000, 0x0000000082c00000| Untracked 
|  44|0x0000000082c00000, 0x0000000082d00000, 0x0000000082d00000|100%| O|  |TAMS 0x0000000082d00000, 0x0000000082d00000| Untracked 
|  45|0x0000000082d00000, 0x0000000082e00000, 0x0000000082e00000|100%| O|  |TAMS 0x0000000082e00000, 0x0000000082e00000| Untracked 
|  46|0x0000000082e00000, 0x0000000082f00000, 0x0000000082f00000|100%| O|  |TAMS 0x0000000082f00000, 0x0000000082f00000| Untracked 
|  47|0x0000000082f00000, 0x0000000083000000, 0x0000000083000000|100%| O|  |TAMS 0x0000000083000000, 0x0000000083000000| Untracked 
|  48|0x0000000083000000, 0x0000000083100000, 0x0000000083100000|100%| O|  |TAMS 0x0000000083100000, 0x0000000083100000| Untracked 
|  49|0x0000000083100000, 0x0000000083200000, 0x0000000083200000|100%| O|  |TAMS 0x0000000083200000, 0x0000000083200000| Untracked 
|  50|0x0000000083200000, 0x0000000083300000, 0x0000000083300000|100%| O|  |TAMS 0x0000000083300000, 0x0000000083300000| Untracked 
|  51|0x0000000083300000, 0x0000000083400000, 0x0000000083400000|100%| O|  |TAMS 0x0000000083400000, 0x0000000083400000| Untracked 
|  52|0x0000000083400000, 0x0000000083500000, 0x0000000083500000|100%| O|  |TAMS 0x0000000083500000, 0x0000000083500000| Untracked 
|  53|0x0000000083500000, 0x0000000083600000, 0x0000000083600000|100%| O|  |TAMS 0x0000000083600000, 0x0000000083600000| Untracked 
|  54|0x0000000083600000, 0x0000000083700000, 0x0000000083700000|100%| O|  |TAMS 0x0000000083700000, 0x0000000083700000| Untracked 
|  55|0x0000000083700000, 0x0000000083800000, 0x0000000083800000|100%| O|  |TAMS 0x0000000083800000, 0x0000000083800000| Untracked 
|  56|0x0000000083800000, 0x0000000083900000, 0x0000000083900000|100%| O|  |TAMS 0x0000000083900000, 0x0000000083900000| Untracked 
|  57|0x0000000083900000, 0x0000000083a00000, 0x0000000083a00000|100%| O|  |TAMS 0x0000000083a00000, 0x0000000083a00000| Untracked 
|  58|0x0000000083a00000, 0x0000000083b00000, 0x0000000083b00000|100%| O|  |TAMS 0x0000000083b00000, 0x0000000083b00000| Untracked 
|  59|0x0000000083b00000, 0x0000000083c00000, 0x0000000083c00000|100%| O|  |TAMS 0x0000000083c00000, 0x0000000083c00000| Untracked 
|  60|0x0000000083c00000, 0x0000000083d00000, 0x0000000083d00000|100%| O|  |TAMS 0x0000000083d00000, 0x0000000083d00000| Untracked 
|  61|0x0000000083d00000, 0x0000000083e00000, 0x0000000083e00000|100%| O|  |TAMS 0x0000000083e00000, 0x0000000083e00000| Untracked 
|  62|0x0000000083e00000, 0x0000000083f00000, 0x0000000083f00000|100%| O|  |TAMS 0x0000000083f00000, 0x0000000083f00000| Untracked 
|  63|0x0000000083f00000, 0x0000000084000000, 0x0000000084000000|100%| O|  |TAMS 0x0000000084000000, 0x0000000084000000| Untracked 
|  64|0x0000000084000000, 0x0000000084100000, 0x0000000084100000|100%|HS|  |TAMS 0x0000000084000000, 0x0000000084100000| Complete 
|  65|0x0000000084100000, 0x0000000084200000, 0x0000000084200000|100%|HC|  |TAMS 0x0000000084100000, 0x0000000084200000| Complete 
|  66|0x0000000084200000, 0x0000000084300000, 0x0000000084300000|100%| O|  |TAMS 0x0000000084200000, 0x0000000084300000| Untracked 
|  67|0x0000000084300000, 0x0000000084400000, 0x0000000084400000|100%| O|  |TAMS 0x0000000084400000, 0x0000000084400000| Untracked 
|  68|0x0000000084400000, 0x0000000084500000, 0x0000000084500000|100%| O|  |TAMS 0x0000000084500000, 0x0000000084500000| Untracked 
|  69|0x0000000084500000, 0x0000000084600000, 0x0000000084600000|100%| O|  |TAMS 0x0000000084600000, 0x0000000084600000| Untracked 
|  70|0x0000000084600000, 0x0000000084700000, 0x0000000084700000|100%| O|  |TAMS 0x0000000084700000, 0x0000000084700000| Untracked 
|  71|0x0000000084700000, 0x0000000084800000, 0x0000000084800000|100%| O|  |TAMS 0x0000000084800000, 0x0000000084800000| Untracked 
|  72|0x0000000084800000, 0x0000000084900000, 0x0000000084900000|100%| O|  |TAMS 0x0000000084900000, 0x0000000084900000| Untracked 
|  73|0x0000000084900000, 0x0000000084a00000, 0x0000000084a00000|100%| O|  |TAMS 0x0000000084a00000, 0x0000000084a00000| Untracked 
|  74|0x0000000084a00000, 0x0000000084b00000, 0x0000000084b00000|100%| O|  |TAMS 0x0000000084a00000, 0x0000000084b00000| Untracked 
|  75|0x0000000084b00000, 0x0000000084c00000, 0x0000000084c00000|100%| O|  |TAMS 0x0000000084c00000, 0x0000000084c00000| Untracked 
|  76|0x0000000084c00000, 0x0000000084d00000, 0x0000000084d00000|100%| O|  |TAMS 0x0000000084d00000, 0x0000000084d00000| Untracked 
|  77|0x0000000084d00000, 0x0000000084e00000, 0x0000000084e00000|100%| O|  |TAMS 0x0000000084e00000, 0x0000000084e00000| Untracked 
|  78|0x0000000084e00000, 0x0000000084f00000, 0x0000000084f00000|100%| O|  |TAMS 0x0000000084e00000, 0x0000000084f00000| Untracked 
|  79|0x0000000084f00000, 0x0000000085000000, 0x0000000085000000|100%| O|  |TAMS 0x0000000085000000, 0x0000000085000000| Untracked 
|  80|0x0000000085000000, 0x0000000085100000, 0x0000000085100000|100%| O|  |TAMS 0x0000000085000000, 0x0000000085100000| Untracked 
|  81|0x0000000085100000, 0x0000000085200000, 0x0000000085200000|100%| O|  |TAMS 0x0000000085200000, 0x0000000085200000| Untracked 
|  82|0x0000000085200000, 0x0000000085300000, 0x0000000085300000|100%| O|  |TAMS 0x0000000085300000, 0x0000000085300000| Untracked 
|  83|0x0000000085300000, 0x0000000085400000, 0x0000000085400000|100%| O|  |TAMS 0x0000000085400000, 0x0000000085400000| Untracked 
|  84|0x0000000085400000, 0x0000000085500000, 0x0000000085500000|100%| O|  |TAMS 0x0000000085500000, 0x0000000085500000| Untracked 
|  85|0x0000000085500000, 0x0000000085600000, 0x0000000085600000|100%| O|  |TAMS 0x0000000085600000, 0x0000000085600000| Untracked 
|  86|0x0000000085600000, 0x0000000085700000, 0x0000000085700000|100%| O|  |TAMS 0x0000000085600000, 0x0000000085700000| Untracked 
|  87|0x0000000085700000, 0x0000000085800000, 0x0000000085800000|100%| O|  |TAMS 0x0000000085800000, 0x0000000085800000| Untracked 
|  88|0x0000000085800000, 0x0000000085900000, 0x0000000085900000|100%| O|  |TAMS 0x0000000085800000, 0x0000000085900000| Untracked 
|  89|0x0000000085900000, 0x0000000085a00000, 0x0000000085a00000|100%| O|  |TAMS 0x0000000085900000, 0x0000000085a00000| Untracked 
|  90|0x0000000085a00000, 0x0000000085b00000, 0x0000000085b00000|100%| O|  |TAMS 0x0000000085b00000, 0x0000000085b00000| Untracked 
|  91|0x0000000085b00000, 0x0000000085c00000, 0x0000000085c00000|100%| O|  |TAMS 0x0000000085c00000, 0x0000000085c00000| Untracked 
|  92|0x0000000085c00000, 0x0000000085d00000, 0x0000000085d00000|100%| O|  |TAMS 0x0000000085d00000, 0x0000000085d00000| Untracked 
|  93|0x0000000085d00000, 0x0000000085e00000, 0x0000000085e00000|100%| O|  |TAMS 0x0000000085e00000, 0x0000000085e00000| Untracked 
|  94|0x0000000085e00000, 0x0000000085f00000, 0x0000000085f00000|100%| O|  |TAMS 0x0000000085f00000, 0x0000000085f00000| Untracked 
|  95|0x0000000085f00000, 0x0000000086000000, 0x0000000086000000|100%| O|  |TAMS 0x0000000086000000, 0x0000000086000000| Untracked 
|  96|0x0000000086000000, 0x0000000086100000, 0x0000000086100000|100%| O|  |TAMS 0x0000000086000000, 0x0000000086100000| Untracked 
|  97|0x0000000086100000, 0x0000000086200000, 0x0000000086200000|100%| O|  |TAMS 0x0000000086100000, 0x0000000086200000| Untracked 
|  98|0x0000000086200000, 0x0000000086300000, 0x0000000086300000|100%| O|  |TAMS 0x0000000086200000, 0x0000000086300000| Untracked 
|  99|0x0000000086300000, 0x0000000086400000, 0x0000000086400000|100%| O|  |TAMS 0x0000000086300000, 0x0000000086400000| Untracked 
| 100|0x0000000086400000, 0x0000000086500000, 0x0000000086500000|100%| O|  |TAMS 0x0000000086400000, 0x0000000086500000| Untracked 
| 101|0x0000000086500000, 0x0000000086600000, 0x0000000086600000|100%| O|  |TAMS 0x0000000086600000, 0x0000000086600000| Untracked 
| 102|0x0000000086600000, 0x0000000086700000, 0x0000000086700000|100%| O|  |TAMS 0x0000000086700000, 0x0000000086700000| Untracked 
| 103|0x0000000086700000, 0x0000000086800000, 0x0000000086800000|100%| O|  |TAMS 0x0000000086800000, 0x0000000086800000| Untracked 
| 104|0x0000000086800000, 0x0000000086900000, 0x0000000086900000|100%| O|  |TAMS 0x0000000086900000, 0x0000000086900000| Untracked 
| 105|0x0000000086900000, 0x0000000086a00000, 0x0000000086a00000|100%| O|  |TAMS 0x0000000086a00000, 0x0000000086a00000| Untracked 
| 106|0x0000000086a00000, 0x0000000086b00000, 0x0000000086b00000|100%| O|  |TAMS 0x0000000086a00000, 0x0000000086b00000| Untracked 
| 107|0x0000000086b00000, 0x0000000086c00000, 0x0000000086c00000|100%| O|  |TAMS 0x0000000086b00000, 0x0000000086c00000| Untracked 
| 108|0x0000000086c00000, 0x0000000086d00000, 0x0000000086d00000|100%| O|  |TAMS 0x0000000086d00000, 0x0000000086d00000| Untracked 
| 109|0x0000000086d00000, 0x0000000086e00000, 0x0000000086e00000|100%| O|  |TAMS 0x0000000086e00000, 0x0000000086e00000| Untracked 
| 110|0x0000000086e00000, 0x0000000086f00000, 0x0000000086f00000|100%| O|  |TAMS 0x0000000086e00000, 0x0000000086f00000| Untracked 
| 111|0x0000000086f00000, 0x0000000087000000, 0x0000000087000000|100%| O|  |TAMS 0x0000000086f00000, 0x0000000087000000| Untracked 
| 112|0x0000000087000000, 0x0000000087100000, 0x0000000087100000|100%| O|  |TAMS 0x0000000087100000, 0x0000000087100000| Untracked 
| 113|0x0000000087100000, 0x0000000087200000, 0x0000000087200000|100%| O|  |TAMS 0x0000000087200000, 0x0000000087200000| Untracked 
| 114|0x0000000087200000, 0x0000000087300000, 0x0000000087300000|100%| O|  |TAMS 0x0000000087300000, 0x0000000087300000| Untracked 
| 115|0x0000000087300000, 0x0000000087400000, 0x0000000087400000|100%| O|  |TAMS 0x0000000087400000, 0x0000000087400000| Untracked 
| 116|0x0000000087400000, 0x0000000087500000, 0x0000000087500000|100%| O|  |TAMS 0x0000000087500000, 0x0000000087500000| Untracked 
| 117|0x0000000087500000, 0x0000000087600000, 0x0000000087600000|100%| O|  |TAMS 0x0000000087500000, 0x0000000087600000| Untracked 
| 118|0x0000000087600000, 0x0000000087700000, 0x0000000087700000|100%| O|  |TAMS 0x0000000087600000, 0x0000000087700000| Untracked 
| 119|0x0000000087700000, 0x0000000087800000, 0x0000000087800000|100%| O|  |TAMS 0x0000000087800000, 0x0000000087800000| Untracked 
| 120|0x0000000087800000, 0x0000000087900000, 0x0000000087900000|100%| O|  |TAMS 0x0000000087900000, 0x0000000087900000| Untracked 
| 121|0x0000000087900000, 0x0000000087a00000, 0x0000000087a00000|100%| O|  |TAMS 0x0000000087a00000, 0x0000000087a00000| Untracked 
| 122|0x0000000087a00000, 0x0000000087b00000, 0x0000000087b00000|100%| O|  |TAMS 0x0000000087b00000, 0x0000000087b00000| Untracked 
| 123|0x0000000087b00000, 0x0000000087c00000, 0x0000000087c00000|100%| O|  |TAMS 0x0000000087c00000, 0x0000000087c00000| Untracked 
| 124|0x0000000087c00000, 0x0000000087d00000, 0x0000000087d00000|100%| O|  |TAMS 0x0000000087c59800, 0x0000000087d00000| Untracked 
| 125|0x0000000087d00000, 0x0000000087e00000, 0x0000000087e00000|100%| O|  |TAMS 0x0000000087d00000, 0x0000000087e00000| Untracked 
| 126|0x0000000087e00000, 0x0000000087f00000, 0x0000000087f00000|100%| O|  |TAMS 0x0000000087e00000, 0x0000000087f00000| Untracked 
| 127|0x0000000087f00000, 0x0000000088000000, 0x0000000088000000|100%| O|  |TAMS 0x0000000087f00000, 0x0000000088000000| Untracked 
| 128|0x0000000088000000, 0x0000000088100000, 0x0000000088100000|100%| O|  |TAMS 0x0000000088000000, 0x0000000088100000| Untracked 
| 129|0x0000000088100000, 0x0000000088200000, 0x0000000088200000|100%| O|  |TAMS 0x0000000088100000, 0x0000000088200000| Untracked 
| 130|0x0000000088200000, 0x0000000088300000, 0x0000000088300000|100%| O|  |TAMS 0x0000000088200000, 0x0000000088300000| Untracked 
| 131|0x0000000088300000, 0x0000000088400000, 0x0000000088400000|100%| O|  |TAMS 0x0000000088300000, 0x0000000088400000| Untracked 
| 132|0x0000000088400000, 0x0000000088500000, 0x0000000088500000|100%| O|  |TAMS 0x0000000088400000, 0x0000000088500000| Untracked 
| 133|0x0000000088500000, 0x0000000088600000, 0x0000000088600000|100%| O|  |TAMS 0x0000000088500000, 0x0000000088600000| Untracked 
| 134|0x0000000088600000, 0x0000000088700000, 0x0000000088700000|100%| O|  |TAMS 0x0000000088600000, 0x0000000088700000| Untracked 
| 135|0x0000000088700000, 0x0000000088800000, 0x0000000088800000|100%| O|  |TAMS 0x0000000088700000, 0x0000000088800000| Untracked 
| 136|0x0000000088800000, 0x0000000088900000, 0x0000000088900000|100%| O|  |TAMS 0x0000000088800000, 0x0000000088900000| Untracked 
| 137|0x0000000088900000, 0x0000000088a00000, 0x0000000088a00000|100%| O|  |TAMS 0x0000000088900000, 0x0000000088a00000| Untracked 
| 138|0x0000000088a00000, 0x0000000088b00000, 0x0000000088b00000|100%| O|  |TAMS 0x0000000088a00000, 0x0000000088b00000| Untracked 
| 139|0x0000000088b00000, 0x0000000088c00000, 0x0000000088c00000|100%| O|  |TAMS 0x0000000088b00000, 0x0000000088c00000| Untracked 
| 140|0x0000000088c00000, 0x0000000088d00000, 0x0000000088d00000|100%| O|  |TAMS 0x0000000088c00000, 0x0000000088d00000| Untracked 
| 141|0x0000000088d00000, 0x0000000088e00000, 0x0000000088e00000|100%| O|  |TAMS 0x0000000088e00000, 0x0000000088e00000| Untracked 
| 142|0x0000000088e00000, 0x0000000088f00000, 0x0000000088f00000|100%| O|  |TAMS 0x0000000088e00000, 0x0000000088f00000| Untracked 
| 143|0x0000000088f00000, 0x0000000089000000, 0x0000000089000000|100%| O|  |TAMS 0x0000000088f00000, 0x0000000089000000| Untracked 
| 144|0x0000000089000000, 0x0000000089100000, 0x0000000089100000|100%| O|  |TAMS 0x0000000089000000, 0x0000000089100000| Untracked 
| 145|0x0000000089100000, 0x0000000089200000, 0x0000000089200000|100%| O|  |TAMS 0x0000000089100000, 0x0000000089200000| Untracked 
| 146|0x0000000089200000, 0x0000000089300000, 0x0000000089300000|100%| O|  |TAMS 0x0000000089200000, 0x0000000089300000| Untracked 
| 147|0x0000000089300000, 0x0000000089400000, 0x0000000089400000|100%| O|  |TAMS 0x0000000089300000, 0x0000000089400000| Untracked 
| 148|0x0000000089400000, 0x0000000089500000, 0x0000000089500000|100%| O|  |TAMS 0x0000000089400000, 0x0000000089500000| Untracked 
| 149|0x0000000089500000, 0x0000000089600000, 0x0000000089600000|100%| O|  |TAMS 0x0000000089500000, 0x0000000089600000| Untracked 
| 150|0x0000000089600000, 0x0000000089700000, 0x0000000089700000|100%| O|  |TAMS 0x0000000089600000, 0x0000000089700000| Untracked 
| 151|0x0000000089700000, 0x0000000089800000, 0x0000000089800000|100%| O|  |TAMS 0x0000000089700000, 0x0000000089800000| Untracked 
| 152|0x0000000089800000, 0x0000000089900000, 0x0000000089900000|100%| O|  |TAMS 0x0000000089800000, 0x0000000089900000| Untracked 
| 153|0x0000000089900000, 0x0000000089a00000, 0x0000000089a00000|100%| O|  |TAMS 0x0000000089900000, 0x0000000089a00000| Untracked 
| 154|0x0000000089a00000, 0x0000000089b00000, 0x0000000089b00000|100%| O|  |TAMS 0x0000000089a00000, 0x0000000089b00000| Untracked 
| 155|0x0000000089b00000, 0x0000000089c00000, 0x0000000089c00000|100%| O|  |TAMS 0x0000000089b00000, 0x0000000089c00000| Untracked 
| 156|0x0000000089c00000, 0x0000000089c88800, 0x0000000089d00000| 53%| O|  |TAMS 0x0000000089c00000, 0x0000000089c88800| Untracked 
| 157|0x0000000089d00000, 0x0000000089d00000, 0x0000000089e00000|  0%| F|  |TAMS 0x0000000089d00000, 0x0000000089d00000| Untracked 
| 158|0x0000000089e00000, 0x0000000089e00000, 0x0000000089f00000|  0%| F|  |TAMS 0x0000000089e00000, 0x0000000089e00000| Untracked 
| 159|0x0000000089f00000, 0x0000000089f00000, 0x000000008a000000|  0%| F|  |TAMS 0x0000000089f00000, 0x0000000089f00000| Untracked 
| 160|0x000000008a000000, 0x000000008a000000, 0x000000008a100000|  0%| F|  |TAMS 0x000000008a000000, 0x000000008a000000| Untracked 
| 161|0x000000008a100000, 0x000000008a100000, 0x000000008a200000|  0%| F|  |TAMS 0x000000008a100000, 0x000000008a100000| Untracked 
| 162|0x000000008a200000, 0x000000008a200000, 0x000000008a300000|  0%| F|  |TAMS 0x000000008a200000, 0x000000008a200000| Untracked 
| 163|0x000000008a300000, 0x000000008a300000, 0x000000008a400000|  0%| F|  |TAMS 0x000000008a300000, 0x000000008a300000| Untracked 
| 164|0x000000008a400000, 0x000000008a400000, 0x000000008a500000|  0%| F|  |TAMS 0x000000008a400000, 0x000000008a400000| Untracked 
| 165|0x000000008a500000, 0x000000008a500000, 0x000000008a600000|  0%| F|  |TAMS 0x000000008a500000, 0x000000008a500000| Untracked 
| 166|0x000000008a600000, 0x000000008a600000, 0x000000008a700000|  0%| F|  |TAMS 0x000000008a600000, 0x000000008a600000| Untracked 
| 167|0x000000008a700000, 0x000000008a700000, 0x000000008a800000|  0%| F|  |TAMS 0x000000008a700000, 0x000000008a700000| Untracked 
| 168|0x000000008a800000, 0x000000008a800000, 0x000000008a900000|  0%| F|  |TAMS 0x000000008a800000, 0x000000008a800000| Untracked 
| 169|0x000000008a900000, 0x000000008a900000, 0x000000008aa00000|  0%| F|  |TAMS 0x000000008a900000, 0x000000008a900000| Untracked 
| 170|0x000000008aa00000, 0x000000008aa00000, 0x000000008ab00000|  0%| F|  |TAMS 0x000000008aa00000, 0x000000008aa00000| Untracked 
| 171|0x000000008ab00000, 0x000000008ab00000, 0x000000008ac00000|  0%| F|  |TAMS 0x000000008ab00000, 0x000000008ab00000| Untracked 
| 172|0x000000008ac00000, 0x000000008ac00000, 0x000000008ad00000|  0%| F|  |TAMS 0x000000008ac00000, 0x000000008ac00000| Untracked 
| 173|0x000000008ad00000, 0x000000008ad00000, 0x000000008ae00000|  0%| F|  |TAMS 0x000000008ad00000, 0x000000008ad00000| Untracked 
| 174|0x000000008ae00000, 0x000000008ae00000, 0x000000008af00000|  0%| F|  |TAMS 0x000000008ae00000, 0x000000008ae00000| Untracked 
| 175|0x000000008af00000, 0x000000008af00000, 0x000000008b000000|  0%| F|  |TAMS 0x000000008af00000, 0x000000008af00000| Untracked 
| 176|0x000000008b000000, 0x000000008b000000, 0x000000008b100000|  0%| F|  |TAMS 0x000000008b000000, 0x000000008b000000| Untracked 
| 177|0x000000008b100000, 0x000000008b100000, 0x000000008b200000|  0%| F|  |TAMS 0x000000008b100000, 0x000000008b100000| Untracked 
| 178|0x000000008b200000, 0x000000008b200000, 0x000000008b300000|  0%| F|  |TAMS 0x000000008b200000, 0x000000008b200000| Untracked 
| 179|0x000000008b300000, 0x000000008b300000, 0x000000008b400000|  0%| F|  |TAMS 0x000000008b300000, 0x000000008b300000| Untracked 
| 180|0x000000008b400000, 0x000000008b400000, 0x000000008b500000|  0%| F|  |TAMS 0x000000008b400000, 0x000000008b400000| Untracked 
| 181|0x000000008b500000, 0x000000008b500000, 0x000000008b600000|  0%| F|  |TAMS 0x000000008b500000, 0x000000008b500000| Untracked 
| 182|0x000000008b600000, 0x000000008b600000, 0x000000008b700000|  0%| F|  |TAMS 0x000000008b600000, 0x000000008b600000| Untracked 
| 183|0x000000008b700000, 0x000000008b700000, 0x000000008b800000|  0%| F|  |TAMS 0x000000008b700000, 0x000000008b700000| Untracked 
| 184|0x000000008b800000, 0x000000008b800000, 0x000000008b900000|  0%| F|  |TAMS 0x000000008b800000, 0x000000008b800000| Untracked 
| 185|0x000000008b900000, 0x000000008b900000, 0x000000008ba00000|  0%| F|  |TAMS 0x000000008b900000, 0x000000008b900000| Untracked 
| 186|0x000000008ba00000, 0x000000008ba00000, 0x000000008bb00000|  0%| F|  |TAMS 0x000000008ba00000, 0x000000008ba00000| Untracked 
| 187|0x000000008bb00000, 0x000000008bb00000, 0x000000008bc00000|  0%| F|  |TAMS 0x000000008bb00000, 0x000000008bb00000| Untracked 
| 188|0x000000008bc00000, 0x000000008bc00000, 0x000000008bd00000|  0%| F|  |TAMS 0x000000008bc00000, 0x000000008bc00000| Untracked 
| 189|0x000000008bd00000, 0x000000008bd00000, 0x000000008be00000|  0%| F|  |TAMS 0x000000008bd00000, 0x000000008bd00000| Untracked 
| 190|0x000000008be00000, 0x000000008be00000, 0x000000008bf00000|  0%| F|  |TAMS 0x000000008be00000, 0x000000008be00000| Untracked 
| 191|0x000000008bf00000, 0x000000008bf00000, 0x000000008c000000|  0%| F|  |TAMS 0x000000008bf00000, 0x000000008bf00000| Untracked 
| 192|0x000000008c000000, 0x000000008c000000, 0x000000008c100000|  0%| F|  |TAMS 0x000000008c000000, 0x000000008c000000| Untracked 
| 193|0x000000008c100000, 0x000000008c100000, 0x000000008c200000|  0%| F|  |TAMS 0x000000008c100000, 0x000000008c100000| Untracked 
| 194|0x000000008c200000, 0x000000008c200000, 0x000000008c300000|  0%| F|  |TAMS 0x000000008c200000, 0x000000008c200000| Untracked 
| 195|0x000000008c300000, 0x000000008c300000, 0x000000008c400000|  0%| F|  |TAMS 0x000000008c300000, 0x000000008c300000| Untracked 
| 196|0x000000008c400000, 0x000000008c500000, 0x000000008c500000|100%| S|CS|TAMS 0x000000008c400000, 0x000000008c400000| Complete 
| 197|0x000000008c500000, 0x000000008c600000, 0x000000008c600000|100%| S|CS|TAMS 0x000000008c500000, 0x000000008c500000| Complete 
| 198|0x000000008c600000, 0x000000008c700000, 0x000000008c700000|100%| S|CS|TAMS 0x000000008c600000, 0x000000008c600000| Complete 
| 199|0x000000008c700000, 0x000000008c800000, 0x000000008c800000|100%| S|CS|TAMS 0x000000008c700000, 0x000000008c700000| Complete 
| 200|0x000000008c800000, 0x000000008c900000, 0x000000008c900000|100%| S|CS|TAMS 0x000000008c800000, 0x000000008c800000| Complete 
| 201|0x000000008c900000, 0x000000008ca00000, 0x000000008ca00000|100%| S|CS|TAMS 0x000000008c900000, 0x000000008c900000| Complete 
| 202|0x000000008ca00000, 0x000000008cb00000, 0x000000008cb00000|100%| S|CS|TAMS 0x000000008ca00000, 0x000000008ca00000| Complete 
| 203|0x000000008cb00000, 0x000000008cb00000, 0x000000008cc00000|  0%| F|  |TAMS 0x000000008cb00000, 0x000000008cb00000| Untracked 
| 204|0x000000008cc00000, 0x000000008cc00000, 0x000000008cd00000|  0%| F|  |TAMS 0x000000008cc00000, 0x000000008cc00000| Untracked 
| 205|0x000000008cd00000, 0x000000008cd00000, 0x000000008ce00000|  0%| F|  |TAMS 0x000000008cd00000, 0x000000008cd00000| Untracked 
| 206|0x000000008ce00000, 0x000000008ce00000, 0x000000008cf00000|  0%| F|  |TAMS 0x000000008ce00000, 0x000000008ce00000| Untracked 
| 207|0x000000008cf00000, 0x000000008cf00000, 0x000000008d000000|  0%| F|  |TAMS 0x000000008cf00000, 0x000000008cf00000| Untracked 
| 208|0x000000008d000000, 0x000000008d000000, 0x000000008d100000|  0%| F|  |TAMS 0x000000008d000000, 0x000000008d000000| Untracked 
| 209|0x000000008d100000, 0x000000008d100000, 0x000000008d200000|  0%| F|  |TAMS 0x000000008d100000, 0x000000008d100000| Untracked 
| 210|0x000000008d200000, 0x000000008d200000, 0x000000008d300000|  0%| F|  |TAMS 0x000000008d200000, 0x000000008d200000| Untracked 
| 211|0x000000008d300000, 0x000000008d300000, 0x000000008d400000|  0%| F|  |TAMS 0x000000008d300000, 0x000000008d300000| Untracked 
| 212|0x000000008d400000, 0x000000008d400000, 0x000000008d500000|  0%| F|  |TAMS 0x000000008d400000, 0x000000008d400000| Untracked 
| 213|0x000000008d500000, 0x000000008d500000, 0x000000008d600000|  0%| F|  |TAMS 0x000000008d500000, 0x000000008d500000| Untracked 
| 214|0x000000008d600000, 0x000000008d600000, 0x000000008d700000|  0%| F|  |TAMS 0x000000008d600000, 0x000000008d600000| Untracked 
| 215|0x000000008d700000, 0x000000008d700000, 0x000000008d800000|  0%| F|  |TAMS 0x000000008d700000, 0x000000008d700000| Untracked 
| 216|0x000000008d800000, 0x000000008d800000, 0x000000008d900000|  0%| F|  |TAMS 0x000000008d800000, 0x000000008d800000| Untracked 
| 217|0x000000008d900000, 0x000000008d900000, 0x000000008da00000|  0%| F|  |TAMS 0x000000008d900000, 0x000000008d900000| Untracked 
| 218|0x000000008da00000, 0x000000008da00000, 0x000000008db00000|  0%| F|  |TAMS 0x000000008da00000, 0x000000008da00000| Untracked 
| 219|0x000000008db00000, 0x000000008db00000, 0x000000008dc00000|  0%| F|  |TAMS 0x000000008db00000, 0x000000008db00000| Untracked 
| 220|0x000000008dc00000, 0x000000008dc00000, 0x000000008dd00000|  0%| F|  |TAMS 0x000000008dc00000, 0x000000008dc00000| Untracked 
| 221|0x000000008dd00000, 0x000000008dd00000, 0x000000008de00000|  0%| F|  |TAMS 0x000000008dd00000, 0x000000008dd00000| Untracked 
| 222|0x000000008de00000, 0x000000008de00000, 0x000000008df00000|  0%| F|  |TAMS 0x000000008de00000, 0x000000008de00000| Untracked 
| 223|0x000000008df00000, 0x000000008df00000, 0x000000008e000000|  0%| F|  |TAMS 0x000000008df00000, 0x000000008df00000| Untracked 
| 224|0x000000008e000000, 0x000000008e000000, 0x000000008e100000|  0%| F|  |TAMS 0x000000008e000000, 0x000000008e000000| Untracked 
| 225|0x000000008e100000, 0x000000008e100000, 0x000000008e200000|  0%| F|  |TAMS 0x000000008e100000, 0x000000008e100000| Untracked 
| 226|0x000000008e200000, 0x000000008e200000, 0x000000008e300000|  0%| F|  |TAMS 0x000000008e200000, 0x000000008e200000| Untracked 
| 227|0x000000008e300000, 0x000000008e300000, 0x000000008e400000|  0%| F|  |TAMS 0x000000008e300000, 0x000000008e300000| Untracked 
| 228|0x000000008e400000, 0x000000008e400000, 0x000000008e500000|  0%| F|  |TAMS 0x000000008e400000, 0x000000008e400000| Untracked 
| 229|0x000000008e500000, 0x000000008e500000, 0x000000008e600000|  0%| F|  |TAMS 0x000000008e500000, 0x000000008e500000| Untracked 
| 230|0x000000008e600000, 0x000000008e600000, 0x000000008e700000|  0%| F|  |TAMS 0x000000008e600000, 0x000000008e600000| Untracked 
| 231|0x000000008e700000, 0x000000008e700000, 0x000000008e800000|  0%| F|  |TAMS 0x000000008e700000, 0x000000008e700000| Untracked 
| 232|0x000000008e800000, 0x000000008e8bdc40, 0x000000008e900000| 74%| E|  |TAMS 0x000000008e800000, 0x000000008e800000| Complete 
| 233|0x000000008e900000, 0x000000008ea00000, 0x000000008ea00000|100%| E|CS|TAMS 0x000000008e900000, 0x000000008e900000| Complete 
| 234|0x000000008ea00000, 0x000000008eb00000, 0x000000008eb00000|100%| E|CS|TAMS 0x000000008ea00000, 0x000000008ea00000| Complete 
| 235|0x000000008eb00000, 0x000000008ec00000, 0x000000008ec00000|100%| E|CS|TAMS 0x000000008eb00000, 0x000000008eb00000| Complete 
| 236|0x000000008ec00000, 0x000000008ed00000, 0x000000008ed00000|100%| E|CS|TAMS 0x000000008ec00000, 0x000000008ec00000| Complete 
| 237|0x000000008ed00000, 0x000000008ee00000, 0x000000008ee00000|100%| E|CS|TAMS 0x000000008ed00000, 0x000000008ed00000| Complete 
| 238|0x000000008ee00000, 0x000000008ef00000, 0x000000008ef00000|100%| E|CS|TAMS 0x000000008ee00000, 0x000000008ee00000| Complete 
| 239|0x000000008ef00000, 0x000000008f000000, 0x000000008f000000|100%| E|CS|TAMS 0x000000008ef00000, 0x000000008ef00000| Complete 
| 240|0x000000008f000000, 0x000000008f100000, 0x000000008f100000|100%| E|CS|TAMS 0x000000008f000000, 0x000000008f000000| Complete 
| 241|0x000000008f100000, 0x000000008f200000, 0x000000008f200000|100%| E|CS|TAMS 0x000000008f100000, 0x000000008f100000| Complete 
| 242|0x000000008f200000, 0x000000008f300000, 0x000000008f300000|100%| E|CS|TAMS 0x000000008f200000, 0x000000008f200000| Complete 
| 243|0x000000008f300000, 0x000000008f400000, 0x000000008f400000|100%| E|CS|TAMS 0x000000008f300000, 0x000000008f300000| Complete 
| 244|0x000000008f400000, 0x000000008f500000, 0x000000008f500000|100%| E|CS|TAMS 0x000000008f400000, 0x000000008f400000| Complete 
| 245|0x000000008f500000, 0x000000008f600000, 0x000000008f600000|100%| E|  |TAMS 0x000000008f500000, 0x000000008f500000| Complete 
| 246|0x000000008f600000, 0x000000008f700000, 0x000000008f700000|100%| E|CS|TAMS 0x000000008f600000, 0x000000008f600000| Complete 
| 247|0x000000008f700000, 0x000000008f800000, 0x000000008f800000|100%| E|CS|TAMS 0x000000008f700000, 0x000000008f700000| Complete 
| 248|0x000000008f800000, 0x000000008f900000, 0x000000008f900000|100%| E|CS|TAMS 0x000000008f800000, 0x000000008f800000| Complete 
| 249|0x000000008f900000, 0x000000008fa00000, 0x000000008fa00000|100%| E|CS|TAMS 0x000000008f900000, 0x000000008f900000| Complete 
| 250|0x000000008fa00000, 0x000000008fb00000, 0x000000008fb00000|100%| E|CS|TAMS 0x000000008fa00000, 0x000000008fa00000| Complete 
| 251|0x000000008fb00000, 0x000000008fc00000, 0x000000008fc00000|100%| E|CS|TAMS 0x000000008fb00000, 0x000000008fb00000| Complete 
| 252|0x000000008fc00000, 0x000000008fd00000, 0x000000008fd00000|100%| E|CS|TAMS 0x000000008fc00000, 0x000000008fc00000| Complete 
| 253|0x000000008fd00000, 0x000000008fe00000, 0x000000008fe00000|100%| E|CS|TAMS 0x000000008fd00000, 0x000000008fd00000| Complete 

Card table byte_map: [0x0000024c2ca70000,0x0000024c2ce70000] _byte_map_base: 0x0000024c2c670000

Marking Bits (Prev, Next): (CMBitMap*) 0x0000024c1932e628, (CMBitMap*) 0x0000024c1932e660
 Prev Bits: [0x0000024c2d270000, 0x0000024c2f270000)
 Next Bits: [0x0000024c2f270000, 0x0000024c31270000)

Polling page: 0x0000024c170f0000

Metaspace:

Usage:
  Non-class:    117.53 MB capacity,   115.31 MB ( 98%) used,     1.78 MB (  2%) free+waste,   450.50 KB ( <1%) overhead. 
      Class:     17.48 MB capacity,    16.19 MB ( 93%) used,     1.09 MB (  6%) free+waste,   194.50 KB (  1%) overhead. 
       Both:    135.00 MB capacity,   131.50 MB ( 97%) used,     2.88 MB (  2%) free+waste,   645.00 KB ( <1%) overhead. 

Virtual space:
  Non-class space:      120.00 MB reserved,     118.25 MB ( 99%) committed 
      Class space:        1.00 GB reserved,      18.25 MB (  2%) committed 
             Both:        1.12 GB reserved,     136.50 MB ( 12%) committed 

Chunk freelists:
   Non-Class:  739.00 KB
       Class:  728.00 KB
        Both:  1.43 MB

MaxMetaspaceSize: 17179869184.00 GB
CompressedClassSpaceSize: 1.00 GB

CodeHeap 'non-profiled nmethods': size=119168Kb used=16772Kb max_used=17315Kb free=102395Kb
 bounds [0x0000024c24980000, 0x0000024c25a70000, 0x0000024c2bde0000]
CodeHeap 'profiled nmethods': size=119168Kb used=57323Kb max_used=57918Kb free=61844Kb
 bounds [0x0000024c1d520000, 0x0000024c20e10000, 0x0000024c24980000]
CodeHeap 'non-nmethods': size=7424Kb used=4088Kb max_used=4185Kb free=3335Kb
 bounds [0x0000024c1cde0000, 0x0000024c1d310000, 0x0000024c1d520000]
 total_blobs=25675 nmethods=24645 adapters=935
 compilation: enabled
              stopped_count=0, restarted_count=0
 full_count=0

Compilation events (20 events):
Event: 2758.263 Thread 0x0000024c34b19800 28408       2       com.android.tools.r8.internal.Kg::a (131 bytes)
Event: 2758.263 Thread 0x0000024c38974000 nmethod 28407 0x0000024c1edca110 code [0x0000024c1edca2e0, 0x0000024c1edca4c8]
Event: 2758.263 Thread 0x0000024c38974000 28380       2       com.google.gson.internal.reflect.ReflectionAccessor::getInstance (4 bytes)
Event: 2758.263 Thread 0x0000024c38974000 nmethod 28380 0x0000024c1da42510 code [0x0000024c1da426c0, 0x0000024c1da42798]
Event: 2758.264 Thread 0x0000024c38974000 28410       2       com.android.tools.r8.code.v1::p (5 bytes)
Event: 2758.264 Thread 0x0000024c38973000 28409       1       com.android.tools.r8.internal.zw::B (2 bytes)
Event: 2758.265 Thread 0x0000024c38972800 28411       2       com.android.tools.r8.internal.G3::hashCode (23 bytes)
Event: 2758.265 Thread 0x0000024c38973000 nmethod 28409 0x0000024c24d3ac90 code [0x0000024c24d3ae40, 0x0000024c24d3aef8]
Event: 2758.265 Thread 0x0000024c34b19800 nmethod 28408 0x0000024c1eea2a10 code [0x0000024c1eea2c60, 0x0000024c1eea3158]
Event: 2758.265 Thread 0x0000024c38974000 nmethod 28410 0x0000024c1edc9d90 code [0x0000024c1edc9f40, 0x0000024c1edca068]
Event: 2758.265 Thread 0x0000024c38972800 nmethod 28411 0x0000024c1ee66f90 code [0x0000024c1ee67160, 0x0000024c1ee672b8]
Event: 2758.265 Thread 0x0000024c38973000 28412       2       com.android.tools.r8.internal.Cg::a (122 bytes)
Event: 2758.265 Thread 0x0000024c34b19800 28414       2       com.android.tools.r8.internal.ja::a (6 bytes)
Event: 2758.265 Thread 0x0000024c38974000 28416       2       com.android.tools.r8.ir.regalloc.e::a (63 bytes)
Event: 2758.265 Thread 0x0000024c38972800 28417       2       com.android.tools.r8.ir.regalloc.e::a (378 bytes)
Event: 2758.266 Thread 0x0000024c34b19800 nmethod 28414 0x0000024c1ee66c10 code [0x0000024c1ee66dc0, 0x0000024c1ee66ec8]
Event: 2758.266 Thread 0x0000024c38973000 nmethod 28412 0x0000024c1eea2010 code [0x0000024c1eea2260, 0x0000024c1eea2678]
Event: 2758.266 Thread 0x0000024c38974000 nmethod 28416 0x0000024c1eea1790 code [0x0000024c1eea19a0, 0x0000024c1eea1d68]
Event: 2758.266 Thread 0x0000024c34b19800 28421       2       com.android.tools.r8.internal.W4::a (366 bytes)
Event: 2758.266 Thread 0x0000024c38974000 28419       2       com.android.tools.r8.internal.sA::b (1053 bytes)

GC Heap History (20 events):
Event: 2757.395 GC heap before
{Heap before GC invocations=54 (full 0):
 garbage-first heap   total 260096K, used 124773K [0x0000000080000000, 0x0000000100000000)
  region size 1024K, 12 young (12288K), 8 survivors (8192K)
 Metaspace       used 133146K, capacity 136569K, committed 138624K, reserved 1169408K
  class space    used 16406K, capacity 17629K, committed 18560K, reserved 1048576K
}
Event: 2757.402 GC heap after
{Heap after GC invocations=55 (full 0):
 garbage-first heap   total 260096K, used 119295K [0x0000000080000000, 0x0000000100000000)
  region size 1024K, 1 young (1024K), 1 survivors (1024K)
 Metaspace       used 133146K, capacity 136569K, committed 138624K, reserved 1169408K
  class space    used 16406K, capacity 17629K, committed 18560K, reserved 1048576K
}
Event: 2757.663 GC heap before
{Heap before GC invocations=55 (full 0):
 garbage-first heap   total 260096K, used 198143K [0x0000000080000000, 0x0000000100000000)
  region size 1024K, 79 young (80896K), 1 survivors (1024K)
 Metaspace       used 133178K, capacity 136633K, committed 138624K, reserved 1169408K
  class space    used 16407K, capacity 17629K, committed 18560K, reserved 1048576K
}
Event: 2757.666 GC heap after
{Heap after GC invocations=56 (full 0):
 garbage-first heap   total 260096K, used 118650K [0x0000000080000000, 0x0000000100000000)
  region size 1024K, 1 young (1024K), 1 survivors (1024K)
 Metaspace       used 133178K, capacity 136633K, committed 138624K, reserved 1169408K
  class space    used 16407K, capacity 17629K, committed 18560K, reserved 1048576K
}
Event: 2757.767 GC heap before
{Heap before GC invocations=56 (full 0):
 garbage-first heap   total 260096K, used 153466K [0x0000000080000000, 0x0000000100000000)
  region size 1024K, 36 young (36864K), 1 survivors (1024K)
 Metaspace       used 133266K, capacity 136779K, committed 138624K, reserved 1169408K
  class space    used 16424K, capacity 17678K, committed 18560K, reserved 1048576K
}
Event: 2757.769 GC heap after
{Heap after GC invocations=57 (full 0):
 garbage-first heap   total 260096K, used 118902K [0x0000000080000000, 0x0000000100000000)
  region size 1024K, 1 young (1024K), 1 survivors (1024K)
 Metaspace       used 133266K, capacity 136779K, committed 138624K, reserved 1169408K
  class space    used 16424K, capacity 17678K, committed 18560K, reserved 1048576K
}
Event: 2757.895 GC heap before
{Heap before GC invocations=58 (full 0):
 garbage-first heap   total 260096K, used 206966K [0x0000000080000000, 0x0000000100000000)
  region size 1024K, 85 young (87040K), 1 survivors (1024K)
 Metaspace       used 134090K, capacity 137746K, committed 139264K, reserved 1169408K
  class space    used 16582K, capacity 17912K, committed 18688K, reserved 1048576K
}
Event: 2757.900 GC heap after
{Heap after GC invocations=59 (full 0):
 garbage-first heap   total 260096K, used 128299K [0x0000000080000000, 0x0000000100000000)
  region size 1024K, 9 young (9216K), 9 survivors (9216K)
 Metaspace       used 134090K, capacity 137746K, committed 139264K, reserved 1169408K
  class space    used 16582K, capacity 17912K, committed 18688K, reserved 1048576K
}
Event: 2757.903 GC heap before
{Heap before GC invocations=59 (full 0):
 garbage-first heap   total 260096K, used 131371K [0x0000000080000000, 0x0000000100000000)
  region size 1024K, 12 young (12288K), 9 survivors (9216K)
 Metaspace       used 134100K, capacity 137815K, committed 139520K, reserved 1169408K
  class space    used 16584K, capacity 17914K, committed 18688K, reserved 1048576K
}
Event: 2757.912 GC heap after
{Heap after GC invocations=60 (full 0):
 garbage-first heap   total 260096K, used 111207K [0x0000000080000000, 0x0000000100000000)
  region size 1024K, 2 young (2048K), 2 survivors (2048K)
 Metaspace       used 134100K, capacity 137815K, committed 139520K, reserved 1169408K
  class space    used 16584K, capacity 17914K, committed 18688K, reserved 1048576K
}
Event: 2758.044 GC heap before
{Heap before GC invocations=60 (full 0):
 garbage-first heap   total 260096K, used 194151K [0x0000000080000000, 0x0000000100000000)
  region size 1024K, 85 young (87040K), 2 survivors (2048K)
 Metaspace       used 134342K, capacity 138007K, committed 139520K, reserved 1169408K
  class space    used 16605K, capacity 17933K, committed 18688K, reserved 1048576K
}
Event: 2758.048 GC heap after
{Heap after GC invocations=61 (full 0):
 garbage-first heap   total 260096K, used 110408K [0x0000000080000000, 0x0000000100000000)
  region size 1024K, 3 young (3072K), 3 survivors (3072K)
 Metaspace       used 134342K, capacity 138007K, committed 139520K, reserved 1169408K
  class space    used 16605K, capacity 17933K, committed 18688K, reserved 1048576K
}
Event: 2758.107 GC heap before
{Heap before GC invocations=61 (full 0):
 garbage-first heap   total 260096K, used 210760K [0x0000000080000000, 0x0000000100000000)
  region size 1024K, 94 young (96256K), 3 survivors (3072K)
 Metaspace       used 134391K, capacity 138017K, committed 139520K, reserved 1169408K
  class space    used 16605K, capacity 17934K, committed 18688K, reserved 1048576K
}
Event: 2758.115 GC heap after
{Heap after GC invocations=62 (full 0):
 garbage-first heap   total 260096K, used 127691K [0x0000000080000000, 0x0000000100000000)
  region size 1024K, 12 young (12288K), 12 survivors (12288K)
 Metaspace       used 134391K, capacity 138017K, committed 139520K, reserved 1169408K
  class space    used 16605K, capacity 17934K, committed 18688K, reserved 1048576K
}
Event: 2758.170 GC heap before
{Heap before GC invocations=62 (full 0):
 garbage-first heap   total 260096K, used 206539K [0x0000000080000000, 0x0000000100000000)
  region size 1024K, 90 young (92160K), 12 survivors (12288K)
 Metaspace       used 134318K, capacity 137904K, committed 139520K, reserved 1169408K
  class space    used 16561K, capacity 17852K, committed 18688K, reserved 1048576K
}
Event: 2758.183 GC heap after
{Heap after GC invocations=63 (full 0):
 garbage-first heap   total 260096K, used 151122K [0x0000000080000000, 0x0000000100000000)
  region size 1024K, 12 young (12288K), 12 survivors (12288K)
 Metaspace       used 134318K, capacity 137904K, committed 139520K, reserved 1169408K
  class space    used 16561K, capacity 17852K, committed 18688K, reserved 1048576K
}
Event: 2758.225 GC heap before
{Heap before GC invocations=64 (full 0):
 garbage-first heap   total 260096K, used 205394K [0x0000000080000000, 0x0000000100000000)
  region size 1024K, 66 young (67584K), 12 survivors (12288K)
 Metaspace       used 134492K, capacity 138109K, committed 139776K, reserved 1171456K
  class space    used 16575K, capacity 17895K, committed 18688K, reserved 1048576K
}
Event: 2758.234 GC heap after
{Heap after GC invocations=65 (full 0):
 garbage-first heap   total 260096K, used 157947K [0x0000000080000000, 0x0000000100000000)
  region size 1024K, 9 young (9216K), 9 survivors (9216K)
 Metaspace       used 134492K, capacity 138109K, committed 139776K, reserved 1171456K
  class space    used 16575K, capacity 17895K, committed 18688K, reserved 1048576K
}
Event: 2758.236 GC heap before
{Heap before GC invocations=65 (full 0):
 garbage-first heap   total 260096K, used 159995K [0x0000000080000000, 0x0000000100000000)
  region size 1024K, 12 young (12288K), 9 survivors (9216K)
 Metaspace       used 134495K, capacity 138109K, committed 139776K, reserved 1171456K
  class space    used 16575K, capacity 17895K, committed 18688K, reserved 1048576K
}
Event: 2758.240 GC heap after
{Heap after GC invocations=66 (full 0):
 garbage-first heap   total 260096K, used 159172K [0x0000000080000000, 0x0000000100000000)
  region size 1024K, 2 young (2048K), 2 survivors (2048K)
 Metaspace       used 134495K, capacity 138109K, committed 139776K, reserved 1171456K
  class space    used 16575K, capacity 17895K, committed 18688K, reserved 1048576K
}

Deoptimization events (20 events):
Event: 2758.247 Thread 0x0000024c3848c000 DEOPT PACKING pc=0x0000024c20d8b19b sp=0x000000a4cadfa750
Event: 2758.247 Thread 0x0000024c3848c000 DEOPT UNPACKING pc=0x0000024c1ce08ede sp=0x000000a4cadf9c80 mode 0
Event: 2758.248 Thread 0x0000024c3848a800 DEOPT PACKING pc=0x0000024c1ffe8230 sp=0x000000a4caef95c0
Event: 2758.248 Thread 0x0000024c3848a800 DEOPT UNPACKING pc=0x0000024c1ce08ede sp=0x000000a4caef8a68 mode 0
Event: 2758.249 Thread 0x0000024c38493800 DEOPT PACKING pc=0x0000024c1d56eeaa sp=0x000000a4cb7fb1b0
Event: 2758.249 Thread 0x0000024c38493800 DEOPT UNPACKING pc=0x0000024c1ce08ede sp=0x000000a4cb7fa720 mode 0
Event: 2758.250 Thread 0x0000024c38495800 Uncommon trap: trap_request=0xffffff4d fr.pc=0x0000024c24d421f8 relative=0x0000000000000c58
Event: 2758.250 Thread 0x0000024c38495800 Uncommon trap: reason=unstable_if action=reinterpret pc=0x0000024c24d421f8 method=com.android.tools.r8.internal.Nf.b(I[Ljava/lang/Object;)Lcom/android/tools/r8/internal/Nf; @ 171 c2
Event: 2758.250 Thread 0x0000024c38495800 DEOPT PACKING pc=0x0000024c24d421f8 sp=0x000000a4cb2f9f30
Event: 2758.250 Thread 0x0000024c38495800 DEOPT UNPACKING pc=0x0000024c1cde83af sp=0x000000a4cb2f9ec0 mode 2
Event: 2758.250 Thread 0x0000024c3848c000 DEOPT PACKING pc=0x0000024c20d8b19b sp=0x000000a4cadfa750
Event: 2758.250 Thread 0x0000024c3848c000 DEOPT UNPACKING pc=0x0000024c1ce08ede sp=0x000000a4cadf9c80 mode 0
Event: 2758.254 Thread 0x0000024c3848c000 DEOPT PACKING pc=0x0000024c20d8b19b sp=0x000000a4cadfa750
Event: 2758.254 Thread 0x0000024c3848c000 DEOPT UNPACKING pc=0x0000024c1ce08ede sp=0x000000a4cadf9c80 mode 0
Event: 2758.258 Thread 0x0000024c3848f000 DEOPT PACKING pc=0x0000024c20d8b19b sp=0x000000a4cacfa8a0
Event: 2758.258 Thread 0x0000024c3848f000 DEOPT UNPACKING pc=0x0000024c1ce08ede sp=0x000000a4cacf9dd0 mode 0
Event: 2758.260 Thread 0x0000024c38491000 DEOPT PACKING pc=0x0000024c20d8b19b sp=0x000000a4cb0fa7f0
Event: 2758.260 Thread 0x0000024c38491000 DEOPT UNPACKING pc=0x0000024c1ce08ede sp=0x000000a4cb0f9d20 mode 0
Event: 2758.266 Thread 0x0000024c38492800 DEOPT PACKING pc=0x0000024c20d8b19b sp=0x000000a4cb6faa00
Event: 2758.266 Thread 0x0000024c38492800 DEOPT UNPACKING pc=0x0000024c1ce08ede sp=0x000000a4cb6f9f30 mode 0

Classes redefined (0 events):
No events

Internal exceptions (20 events):
Event: 2758.016 Thread 0x0000024c3848e800 Exception <a 'sun/nio/fs/WindowsException'{0x000000008b4f2240}> (0x000000008b4f2240) thrown at [./src/hotspot/share/prims/jni.cpp, line 615]
Event: 2758.018 Thread 0x0000024c3848e800 Implicit null exception at 0x0000024c24eaa09b to 0x0000024c24eaa850
Event: 2758.095 Thread 0x0000024c38491800 Exception <a 'sun/nio/fs/WindowsException'{0x000000008b9a6e18}> (0x000000008b9a6e18) thrown at [./src/hotspot/share/prims/jni.cpp, line 615]
Event: 2758.097 Thread 0x0000024c35dd2800 Exception <a 'sun/nio/fs/WindowsException'{0x000000008b415ad8}> (0x000000008b415ad8) thrown at [./src/hotspot/share/prims/jni.cpp, line 615]
Event: 2758.100 Thread 0x0000024c3848a800 Exception <a 'sun/nio/fs/WindowsException'{0x000000008af3baa8}> (0x000000008af3baa8) thrown at [./src/hotspot/share/prims/jni.cpp, line 615]
Event: 2758.104 Thread 0x0000024c35dd0800 Exception <a 'sun/nio/fs/WindowsException'{0x000000008a5e9188}> (0x000000008a5e9188) thrown at [./src/hotspot/share/prims/jni.cpp, line 615]
Event: 2758.104 Thread 0x0000024c38492800 Exception <a 'sun/nio/fs/WindowsException'{0x000000008a436568}> (0x000000008a436568) thrown at [./src/hotspot/share/prims/jni.cpp, line 615]
Event: 2758.105 Thread 0x0000024c38495000 Exception <a 'sun/nio/fs/WindowsException'{0x000000008a3b6068}> (0x000000008a3b6068) thrown at [./src/hotspot/share/prims/jni.cpp, line 615]
Event: 2758.119 Thread 0x0000024c38494000 Exception <a 'sun/nio/fs/WindowsException'{0x000000008f5e4058}> (0x000000008f5e4058) thrown at [./src/hotspot/share/prims/jni.cpp, line 615]
Event: 2758.122 Thread 0x0000024c38495800 Exception <a 'sun/nio/fs/WindowsException'{0x000000008ecb9f00}> (0x000000008ecb9f00) thrown at [./src/hotspot/share/prims/jni.cpp, line 615]
Event: 2758.134 Thread 0x0000024c38493800 Exception <a 'sun/nio/fs/WindowsException'{0x000000008d359158}> (0x000000008d359158) thrown at [./src/hotspot/share/prims/jni.cpp, line 615]
Event: 2758.162 Thread 0x0000024c3848c000 Exception <a 'sun/nio/fs/WindowsException'{0x000000008bd7ee60}> (0x000000008bd7ee60) thrown at [./src/hotspot/share/prims/jni.cpp, line 615]
Event: 2758.196 Thread 0x0000024c3848f000 Exception <a 'sun/nio/fs/WindowsException'{0x000000008e83b048}> (0x000000008e83b048) thrown at [./src/hotspot/share/prims/jni.cpp, line 615]
Event: 2758.209 Thread 0x0000024c38492800 Exception <a 'sun/nio/fs/WindowsException'{0x000000008da57e00}> (0x000000008da57e00) thrown at [./src/hotspot/share/prims/jni.cpp, line 615]
Event: 2758.209 Thread 0x0000024c35dd2800 Exception <a 'sun/nio/fs/WindowsException'{0x000000008dc74860}> (0x000000008dc74860) thrown at [./src/hotspot/share/prims/jni.cpp, line 615]
Event: 2758.257 Thread 0x0000024c38492800 Exception <a 'sun/nio/fs/WindowsException'{0x000000008dafd578}> (0x000000008dafd578) thrown at [./src/hotspot/share/prims/jni.cpp, line 615]
Event: 2758.258 Thread 0x0000024c38495000 Exception <a 'sun/nio/fs/WindowsException'{0x000000008d96f570}> (0x000000008d96f570) thrown at [./src/hotspot/share/prims/jni.cpp, line 615]
Event: 2758.258 Thread 0x0000024c38491000 Exception <a 'sun/nio/fs/WindowsException'{0x000000008d774288}> (0x000000008d774288) thrown at [./src/hotspot/share/prims/jni.cpp, line 615]
Event: 2758.259 Thread 0x0000024c3848e800 Exception <a 'java/lang/OutOfMemoryError'{0x000000008d52dee0}> (0x000000008d52dee0) thrown at [./src/hotspot/share/prims/jni.cpp, line 636]
Event: 2758.262 Thread 0x0000024c35dd0800 Exception <a 'sun/nio/fs/WindowsException'{0x000000008d46a790}> (0x000000008d46a790) thrown at [./src/hotspot/share/prims/jni.cpp, line 615]

Events (20 events):
Event: 2758.236 Executing VM operation: G1CollectForAllocation
Event: 2758.240 Executing VM operation: G1CollectForAllocation done
Event: 2758.243 loading class com/android/tools/r8/internal/Ds
Event: 2758.243 loading class com/android/tools/r8/internal/Ds done
Event: 2758.250 loading class com/android/tools/r8/internal/s1
Event: 2758.250 loading class com/android/tools/r8/internal/s1 done
Event: 2758.250 loading class com/android/tools/r8/internal/m5
Event: 2758.250 loading class com/android/tools/r8/internal/m5 done
Event: 2758.255 loading class com/android/tools/r8/internal/W3
Event: 2758.255 loading class com/android/tools/r8/internal/W3 done
Event: 2758.256 loading class com/android/tools/r8/internal/C7$a
Event: 2758.256 loading class com/android/tools/r8/internal/C7$a done
Event: 2758.259 loading class java/util/zip/DataFormatException
Event: 2758.261 loading class java/util/zip/DataFormatException done
Event: 2758.264 Executing VM operation: RevokeBias
Event: 2758.264 Executing VM operation: RevokeBias done
Event: 2758.264 Executing VM operation: RevokeBias
Event: 2758.264 Executing VM operation: RevokeBias done
Event: 2758.264 Executing VM operation: RevokeBias
Event: 2758.264 Executing VM operation: RevokeBias done


Dynamic libraries:
0x00007ff630890000 - 0x00007ff63089a000 	C:\Program Files\Android\Android Studio\jre\bin\java.exe
0x00007ff8df210000 - 0x00007ff8df405000 	C:\Windows\SYSTEM32\ntdll.dll
0x00007ff8df040000 - 0x00007ff8df0fe000 	C:\Windows\System32\KERNEL32.DLL
0x00007ff8dc930000 - 0x00007ff8dcbf9000 	C:\Windows\System32\KERNELBASE.dll
0x00007ff8dced0000 - 0x00007ff8dcfd0000 	C:\Windows\System32\ucrtbase.dll
0x00007ff8d7720000 - 0x00007ff8d7739000 	C:\Program Files\Android\Android Studio\jre\bin\jli.dll
0x00007ff8d76d0000 - 0x00007ff8d76e7000 	C:\Program Files\Android\Android Studio\jre\bin\VCRUNTIME140.dll
0x00007ff8de4a0000 - 0x00007ff8de641000 	C:\Windows\System32\USER32.dll
0x00007ff8b4a60000 - 0x00007ff8b4cfa000 	C:\Windows\WinSxS\amd64_microsoft.windows.common-controls_6595b64144ccf1df_6.0.19041.1110_none_60b5254171f9507e\COMCTL32.dll
0x00007ff8dcc00000 - 0x00007ff8dcc22000 	C:\Windows\System32\win32u.dll
0x00007ff8de470000 - 0x00007ff8de49b000 	C:\Windows\System32\GDI32.dll
0x00007ff8dd6e0000 - 0x00007ff8dd77e000 	C:\Windows\System32\msvcrt.dll
0x00007ff8dd150000 - 0x00007ff8dd25b000 	C:\Windows\System32\gdi32full.dll
0x00007ff8dd0b0000 - 0x00007ff8dd14d000 	C:\Windows\System32\msvcp_win.dll
0x00007ff8de8b0000 - 0x00007ff8de8e0000 	C:\Windows\System32\IMM32.DLL
0x00007ff8ba1f0000 - 0x00007ff8ba28d000 	C:\Program Files\Android\Android Studio\jre\bin\msvcp140.dll
0x00007ff86d5d0000 - 0x00007ff86e09f000 	C:\Program Files\Android\Android Studio\jre\bin\server\jvm.dll
0x00007ff8deda0000 - 0x00007ff8dee4c000 	C:\Windows\System32\ADVAPI32.dll
0x00007ff8de6d0000 - 0x00007ff8de76b000 	C:\Windows\System32\sechost.dll
0x00007ff8dd780000 - 0x00007ff8dd8aa000 	C:\Windows\System32\RPCRT4.dll
0x00007ff8de780000 - 0x00007ff8de788000 	C:\Windows\System32\PSAPI.DLL
0x00007ff8cc2b0000 - 0x00007ff8cc2b9000 	C:\Windows\SYSTEM32\WSOCK32.dll
0x00007ff8cb780000 - 0x00007ff8cb7a7000 	C:\Windows\SYSTEM32\WINMM.dll
0x00007ff8ddff0000 - 0x00007ff8de05b000 	C:\Windows\System32\WS2_32.dll
0x00007ff8d5500000 - 0x00007ff8d550a000 	C:\Windows\SYSTEM32\VERSION.dll
0x00007ff8da850000 - 0x00007ff8da862000 	C:\Windows\SYSTEM32\kernel.appcore.dll
0x00007ff8d7a90000 - 0x00007ff8d7aa1000 	C:\Program Files\Android\Android Studio\jre\bin\verify.dll
0x00007ff8cb270000 - 0x00007ff8cb454000 	C:\Windows\SYSTEM32\DBGHELP.DLL
0x00007ff8ca720000 - 0x00007ff8ca74c000 	C:\Windows\SYSTEM32\dbgcore.DLL
0x00007ff8dcc30000 - 0x00007ff8dccb3000 	C:\Windows\System32\bcryptPrimitives.dll
0x00007ff8ce670000 - 0x00007ff8ce699000 	C:\Program Files\Android\Android Studio\jre\bin\java.dll
0x00007ff8d94c0000 - 0x00007ff8d94cb000 	C:\Program Files\Android\Android Studio\jre\bin\jimage.dll
0x00007ff8d7a70000 - 0x00007ff8d7a88000 	C:\Program Files\Android\Android Studio\jre\bin\zip.dll
0x00007ff8dd8b0000 - 0x00007ff8ddfef000 	C:\Windows\System32\SHELL32.dll
0x00007ff8daa50000 - 0x00007ff8db1e0000 	C:\Windows\SYSTEM32\windows.storage.dll
0x00007ff8de8e0000 - 0x00007ff8dec35000 	C:\Windows\System32\combase.dll
0x00007ff8dc380000 - 0x00007ff8dc3ac000 	C:\Windows\SYSTEM32\Wldp.dll
0x00007ff8df100000 - 0x00007ff8df1ad000 	C:\Windows\System32\SHCORE.dll
0x00007ff8de410000 - 0x00007ff8de465000 	C:\Windows\System32\shlwapi.dll
0x00007ff8dc870000 - 0x00007ff8dc88f000 	C:\Windows\SYSTEM32\profapi.dll
0x00007ff8ce400000 - 0x00007ff8ce41a000 	C:\Program Files\Android\Android Studio\jre\bin\net.dll
0x00007ff8d41e0000 - 0x00007ff8d42e8000 	C:\Windows\SYSTEM32\WINHTTP.dll
0x00007ff8dc0e0000 - 0x00007ff8dc14a000 	C:\Windows\system32\mswsock.dll
0x00007ff8c8ba0000 - 0x00007ff8c8bb4000 	C:\Program Files\Android\Android Studio\jre\bin\nio.dll
0x00007ff8c8a40000 - 0x00007ff8c8a67000 	C:\Users\PC\.gradle\native\8bec1ad78214c89d9ad589b4d07fe93259594b29d510b10fafb7a158f7737e5d\windows-amd64\native-platform.dll
0x00007ff8a1e70000 - 0x00007ff8a1fad000 	C:\Users\PC\.gradle\native\53dbd7edfb1c66fb8903c78663c9afc45aea4f116125fa6feffd364cf09443e8\windows-amd64\native-platform-file-events.dll
0x00007ff8d9490000 - 0x00007ff8d949a000 	C:\Program Files\Android\Android Studio\jre\bin\management.dll
0x00007ff8d9430000 - 0x00007ff8d943c000 	C:\Program Files\Android\Android Studio\jre\bin\management_ext.dll
0x00007ff8dc2d0000 - 0x00007ff8dc2e8000 	C:\Windows\SYSTEM32\CRYPTSP.dll
0x00007ff8db9f0000 - 0x00007ff8dba24000 	C:\Windows\system32\rsaenh.dll
0x00007ff8dcfd0000 - 0x00007ff8dcff7000 	C:\Windows\System32\bcrypt.dll
0x00007ff8dc830000 - 0x00007ff8dc85e000 	C:\Windows\SYSTEM32\USERENV.dll
0x00007ff8dc2f0000 - 0x00007ff8dc2fc000 	C:\Windows\SYSTEM32\CRYPTBASE.dll
0x00007ff8dbd80000 - 0x00007ff8dbdbb000 	C:\Windows\SYSTEM32\IPHLPAPI.DLL
0x00007ff8de770000 - 0x00007ff8de778000 	C:\Windows\System32\NSI.dll
0x00007ff8d5e60000 - 0x00007ff8d5e77000 	C:\Windows\SYSTEM32\dhcpcsvc6.DLL
0x00007ff8d5710000 - 0x00007ff8d572d000 	C:\Windows\SYSTEM32\dhcpcsvc.DLL
0x00007ff8dbdc0000 - 0x00007ff8dbe8c000 	C:\Windows\SYSTEM32\DNSAPI.dll
0x00007ff8d7910000 - 0x00007ff8d792e000 	C:\Users\PC\AppData\Local\Temp\native-platform15577483782711225704dir\native-platform.dll
0x00007ff8d8620000 - 0x00007ff8d8628000 	C:\Program Files\Android\Android Studio\jre\bin\rmi.dll
0x00007ff8cd550000 - 0x00007ff8cd577000 	C:\Program Files\Android\Android Studio\jre\bin\sunec.dll

dbghelp: loaded successfully - version: 4.0.5 - missing functions: none
symbol engine: initialized successfully - sym options: 0x614 - pdb path: .;C:\Program Files\Android\Android Studio\jre\bin;C:\Windows\SYSTEM32;C:\Windows\WinSxS\amd64_microsoft.windows.common-controls_6595b64144ccf1df_6.0.19041.1110_none_60b5254171f9507e;C:\Program Files\Android\Android Studio\jre\bin\server;C:\Users\PC\.gradle\native\8bec1ad78214c89d9ad589b4d07fe93259594b29d510b10fafb7a158f7737e5d\windows-amd64;C:\Users\PC\.gradle\native\53dbd7edfb1c66fb8903c78663c9afc45aea4f116125fa6feffd364cf09443e8\windows-amd64;C:\Users\PC\AppData\Local\Temp\native-platform15577483782711225704dir

VM Arguments:
jvm_args: --add-opens=java.base/java.util=ALL-UNNAMED --add-opens=java.base/java.lang=ALL-UNNAMED --add-opens=java.base/java.lang.invoke=ALL-UNNAMED --add-opens=java.base/java.util=ALL-UNNAMED --add-opens=java.prefs/java.util.prefs=ALL-UNNAMED --add-opens=java.prefs/java.util.prefs=ALL-UNNAMED --add-opens=java.base/java.nio.charset=ALL-UNNAMED --add-opens=java.base/java.net=ALL-UNNAMED --add-opens=java.base/java.util.concurrent.atomic=ALL-UNNAMED -Xmx2048m -Dfile.encoding=UTF-8 -Duser.country=AU -Duser.language=en -Duser.variant 
java_command: org.gradle.launcher.daemon.bootstrap.GradleDaemon 7.0.2
java_class_path (initial): C:\Users\PC\.gradle\wrapper\dists\gradle-7.0.2-bin\857tjihv64xamwrf0h14cai3r\gradle-7.0.2\lib\gradle-launcher-7.0.2.jar
Launcher Type: SUN_STANDARD

[Global flags]
     intx CICompilerCount                          = 12                                        {product} {ergonomic}
     uint ConcGCThreads                            = 3                                         {product} {ergonomic}
     uint G1ConcRefinementThreads                  = 13                                        {product} {ergonomic}
   size_t G1HeapRegionSize                         = 1048576                                   {product} {ergonomic}
    uintx GCDrainStackTargetSize                   = 64                                        {product} {ergonomic}
   size_t InitialHeapSize                          = 266338304                                 {product} {ergonomic}
   size_t MarkStackSize                            = 4194304                                   {product} {ergonomic}
   size_t MaxHeapSize                              = 2147483648                                {product} {command line}
   size_t MaxNewSize                               = 1287651328                                {product} {ergonomic}
   size_t MinHeapDeltaBytes                        = 1048576                                   {product} {ergonomic}
    uintx NonNMethodCodeHeapSize                   = 7594288                                {pd product} {ergonomic}
    uintx NonProfiledCodeHeapSize                  = 122031976                              {pd product} {ergonomic}
    uintx ProfiledCodeHeapSize                     = 122031976                              {pd product} {ergonomic}
    uintx ReservedCodeCacheSize                    = 251658240                              {pd product} {ergonomic}
     bool SegmentedCodeCache                       = true                                      {product} {ergonomic}
     bool UseCompressedClassPointers               = true                                 {lp64_product} {ergonomic}
     bool UseCompressedOops                        = true                                 {lp64_product} {ergonomic}
     bool UseG1GC                                  = true                                      {product} {ergonomic}
     bool UseLargePagesIndividualAllocation        = false                                  {pd product} {ergonomic}

Logging:
Log output configuration:
 #0: stdout all=warning uptime,level,tags
 #1: stderr all=off uptime,level,tags

Environment Variables:
JAVA_HOME=C:\Program Files\Java\jdk1.8.0_111
PATH=C:\Program Files\MATLAB\R2018a\bin;C:\Python39\Scripts\;C:\Python39\;C:\Program Files (x86)\Common Files\Oracle\Java\javapath;C:\ProgramData\Oracle\Java\javapath;C:\Windows\system32;C:\Windows;C:\Windows\System32\Wbem;C:\Windows\System32\WindowsPowerShell\v1.0\;C:\Windows\System32\OpenSSH\;C:\Program Files\Git\cmd;C:\Program Files\nodejs\;C:\ProgramData\chocolatey\bin;C:\Program Files\MySQL\MySQL Shell 8.0\bin\;C:\Users\PC\AppData\Local\Microsoft\WindowsApps;C:\Users\PC\AppData\Local\Programs\Microsoft VS Code\bin;C:\Users\PC\AppData\Roaming\npm;C:\Program Files\dotnet\;C:\Program Files\Microsoft SQL Server\130\Tools\Binn\;C:\Program Files\Microsoft SQL Server\Client SDK\ODBC\170\Tools\Binn\;C:\Users\PC\AppData\Local\Android\Sdk\platform-tools;C:\Users\PC\AppData\Local\Android\Sdk\tools;C:\Program Files\Java\jdk1.8.0_111\bin;C:\Gradle\gradle-6.9.1\bin;C:\Users\PC\AppData\Local\Android\Sdk;C:\Program Files (x86)\Microsoft SQL Server\110\Tools\Binn\;C:\Program Files\Microsoft SQL Server\110\Tools\Binn\;C:\Program Files\Microsoft SQL Server\110\DTS\Binn\;C:\Program Files (x86)\Microsoft SQL Server\110\Tools\Binn\ManagementStudio\;C:\Program Files (x86)\Microsoft SQL Server\110\DTS\Binn\;C:\Program Files\MySQL\MySQL Shell 8.0\bin\;C:\Users\PC\AppData\Local\Microsoft\WindowsApps;C:\Users\PC\AppData\Local\Programs\Microsoft VS Code\bin;C:\Users\PC\AppData\Roaming\npm;C:\Users\PC\.dotnet\tools;C:\Users\PC\AppData\Local\GitHubDesktop\bin
USERNAME=PC
OS=Windows_NT
PROCESSOR_IDENTIFIER=Intel64 Family 6 Model 167 Stepping 1, GenuineIntel



---------------  S Y S T E M  ---------------

OS: Windows 10 , 64 bit Build 19041 (10.0.19041.1202)
OS uptime: 2 days 15:17 hours

CPU:total 16 (initial active 16) (8 cores per cpu, 2 threads per core) family 6 model 167 stepping 1 microcode 0x34, cmov, cx8, fxsr, mmx, sse, sse2, sse3, ssse3, sse4.1, sse4.2, popcnt, avx, avx2, aes, clmul, erms, 3dnowpref, lzcnt, ht, tsc, tscinvbit, bmi1, bmi2, adx, evex, sha, fma

Memory: 4k page, system-wide physical 16198M (707M free)
TotalPageFile size 24390M (AvailPageFile size 4M)
current process WorkingSet (physical memory assigned to process): 642M, peak: 672M
current process commit charge ("private bytes"): 766M, peak: 768M

vm_info: OpenJDK 64-Bit Server VM (11.0.10+0-b96-7249189) for windows-amd64 JRE (11.0.10+0-b96-7249189), built on Mar 31 2021 21:44:00 by "builder" with MS VC++ 14.0 (VS2015)

END.
